2022-07-25 13:23:08,831 INFO [restartedMain] A.d.DemoApplication [StartupInfoLogger.java:55] Starting DemoApplication using Java 1.8.0_221 on Abby.local with PID 75602 (/Users/lijiayuan/eclipse-workspace/demo/target/classes started by lijiayuan in /Users/lijiayuan/eclipse-workspace/demo)
2022-07-25 13:23:08,855 INFO [restartedMain] A.d.DemoApplication [SpringApplication.java:634] No active profile set, falling back to 1 default profile: "default"
2022-07-25 13:23:08,932 INFO [restartedMain] o.s.b.d.e.DevToolsPropertyDefaultsPostProcessor [DeferredLog.java:255] Devtools property defaults active! Set 'spring.devtools.add-properties' to 'false' to disable
2022-07-25 13:23:08,933 INFO [restartedMain] o.s.b.d.e.DevToolsPropertyDefaultsPostProcessor [DeferredLog.java:255] For additional web related logging consider setting the 'logging.level.web' property to 'DEBUG'
2022-07-25 13:23:10,246 INFO [restartedMain] o.s.b.w.e.t.TomcatWebServer [TomcatWebServer.java:108] Tomcat initialized with port(s): 8080 (http)
2022-07-25 13:23:10,258 INFO [restartedMain] o.a.c.h.Http11NioProtocol [DirectJDKLog.java:173] Initializing ProtocolHandler ["http-nio-8080"]
2022-07-25 13:23:10,259 INFO [restartedMain] o.a.c.c.StandardService [DirectJDKLog.java:173] Starting service [Tomcat]
2022-07-25 13:23:10,259 INFO [restartedMain] o.a.c.c.StandardEngine [DirectJDKLog.java:173] Starting Servlet engine: [Apache Tomcat/9.0.64]
2022-07-25 13:23:10,331 INFO [restartedMain] o.a.c.c.C.[.[.[/community] [DirectJDKLog.java:173] Initializing Spring embedded WebApplicationContext
2022-07-25 13:23:10,332 INFO [restartedMain] o.s.b.w.s.c.ServletWebServerApplicationContext [ServletWebServerApplicationContext.java:292] Root WebApplicationContext: initialization completed in 1399 ms
2022-07-25 13:23:10,996 INFO [restartedMain] o.s.b.a.w.s.WelcomePageHandlerMapping [WelcomePageHandlerMapping.java:57] Adding welcome page template: index
2022-07-25 13:23:11,327 INFO [restartedMain] o.s.b.d.a.OptionalLiveReloadServer [OptionalLiveReloadServer.java:58] LiveReload server is running on port 35729
2022-07-25 13:23:11,345 INFO [restartedMain] o.a.c.h.Http11NioProtocol [DirectJDKLog.java:173] Starting ProtocolHandler ["http-nio-8080"]
2022-07-25 13:23:11,386 INFO [restartedMain] o.s.b.w.e.t.TomcatWebServer [TomcatWebServer.java:220] Tomcat started on port(s): 8080 (http) with context path '/community'
2022-07-25 13:23:11,407 INFO [restartedMain] A.d.DemoApplication [StartupInfoLogger.java:61] Started DemoApplication in 3.175 seconds (JVM running for 4.216)
2022-07-25 13:23:24,962 INFO [http-nio-8080-exec-2] o.a.c.c.C.[.[.[/community] [DirectJDKLog.java:173] Initializing Spring DispatcherServlet 'dispatcherServlet'
2022-07-25 13:23:24,964 INFO [http-nio-8080-exec-2] o.s.w.s.DispatcherServlet [FrameworkServlet.java:525] Initializing Servlet 'dispatcherServlet'
2022-07-25 13:23:24,968 INFO [http-nio-8080-exec-2] o.s.w.s.DispatcherServlet [FrameworkServlet.java:547] Completed initialization in 4 ms
2022-07-25 13:23:25,473 INFO [http-nio-8080-exec-2] c.z.h.HikariDataSource [HikariDataSource.java:110] HikariPool-1 - Starting...
2022-07-25 13:23:26,453 INFO [http-nio-8080-exec-2] c.z.h.HikariDataSource [HikariDataSource.java:123] HikariPool-1 - Start completed.
2022-07-25 13:23:52,464 INFO [RMI TCP Connection(2)-127.0.0.1] o.s.b.a.SpringApplicationAdminMXBeanRegistrar$SpringApplicationAdmin [SpringApplicationAdminMXBeanRegistrar.java:159] Application shutdown requested.
2022-07-25 13:23:52,520 INFO [RMI TCP Connection(2)-127.0.0.1] c.z.h.HikariDataSource [HikariDataSource.java:350] HikariPool-1 - Shutdown initiated...
2022-07-25 13:23:52,535 INFO [RMI TCP Connection(2)-127.0.0.1] c.z.h.HikariDataSource [HikariDataSource.java:352] HikariPool-1 - Shutdown completed.
2022-07-25 13:24:00,320 INFO [restartedMain] A.d.DemoApplication [StartupInfoLogger.java:55] Starting DemoApplication using Java 1.8.0_221 on Abby.local with PID 75624 (/Users/lijiayuan/eclipse-workspace/demo/target/classes started by lijiayuan in /Users/lijiayuan/eclipse-workspace/demo)
2022-07-25 13:24:00,322 INFO [restartedMain] A.d.DemoApplication [SpringApplication.java:634] No active profile set, falling back to 1 default profile: "default"
2022-07-25 13:24:00,365 INFO [restartedMain] o.s.b.d.e.DevToolsPropertyDefaultsPostProcessor [DeferredLog.java:255] Devtools property defaults active! Set 'spring.devtools.add-properties' to 'false' to disable
2022-07-25 13:24:00,365 INFO [restartedMain] o.s.b.d.e.DevToolsPropertyDefaultsPostProcessor [DeferredLog.java:255] For additional web related logging consider setting the 'logging.level.web' property to 'DEBUG'
2022-07-25 13:24:01,404 INFO [restartedMain] o.s.b.w.e.t.TomcatWebServer [TomcatWebServer.java:108] Tomcat initialized with port(s): 8080 (http)
2022-07-25 13:24:01,412 INFO [restartedMain] o.a.c.h.Http11NioProtocol [DirectJDKLog.java:173] Initializing ProtocolHandler ["http-nio-8080"]
2022-07-25 13:24:01,413 INFO [restartedMain] o.a.c.c.StandardService [DirectJDKLog.java:173] Starting service [Tomcat]
2022-07-25 13:24:01,414 INFO [restartedMain] o.a.c.c.StandardEngine [DirectJDKLog.java:173] Starting Servlet engine: [Apache Tomcat/9.0.64]
2022-07-25 13:24:01,461 INFO [restartedMain] o.a.c.c.C.[.[.[/community] [DirectJDKLog.java:173] Initializing Spring embedded WebApplicationContext
2022-07-25 13:24:01,463 INFO [restartedMain] o.s.b.w.s.c.ServletWebServerApplicationContext [ServletWebServerApplicationContext.java:292] Root WebApplicationContext: initialization completed in 1098 ms
2022-07-25 13:24:01,928 INFO [restartedMain] o.s.b.a.w.s.WelcomePageHandlerMapping [WelcomePageHandlerMapping.java:57] Adding welcome page template: index
2022-07-25 13:24:02,210 INFO [restartedMain] o.s.b.d.a.OptionalLiveReloadServer [OptionalLiveReloadServer.java:58] LiveReload server is running on port 35729
2022-07-25 13:24:02,227 INFO [restartedMain] o.a.c.h.Http11NioProtocol [DirectJDKLog.java:173] Starting ProtocolHandler ["http-nio-8080"]
2022-07-25 13:24:02,255 INFO [restartedMain] o.s.b.w.e.t.TomcatWebServer [TomcatWebServer.java:220] Tomcat started on port(s): 8080 (http) with context path '/community'
2022-07-25 13:24:02,265 INFO [restartedMain] A.d.DemoApplication [StartupInfoLogger.java:61] Started DemoApplication in 2.377 seconds (JVM running for 3.097)
2022-07-25 13:24:43,405 INFO [http-nio-8080-exec-1] o.a.c.c.C.[.[.[/community] [DirectJDKLog.java:173] Initializing Spring DispatcherServlet 'dispatcherServlet'
2022-07-25 13:24:43,406 INFO [http-nio-8080-exec-1] o.s.w.s.DispatcherServlet [FrameworkServlet.java:525] Initializing Servlet 'dispatcherServlet'
2022-07-25 13:24:43,408 INFO [http-nio-8080-exec-1] o.s.w.s.DispatcherServlet [FrameworkServlet.java:547] Completed initialization in 1 ms
2022-07-25 13:44:17,692 INFO [restartedMain] A.d.DemoApplication [StartupInfoLogger.java:55] Starting DemoApplication using Java 1.8.0_221 on Abby.local with PID 75624 (/Users/lijiayuan/eclipse-workspace/demo/target/classes started by lijiayuan in /Users/lijiayuan/eclipse-workspace/demo)
2022-07-25 13:44:17,693 INFO [restartedMain] A.d.DemoApplication [SpringApplication.java:634] No active profile set, falling back to 1 default profile: "default"
2022-07-25 13:44:18,723 INFO [restartedMain] o.s.b.w.e.t.TomcatWebServer [TomcatWebServer.java:108] Tomcat initialized with port(s): 8080 (http)
2022-07-25 13:44:18,725 INFO [restartedMain] o.a.c.h.Http11NioProtocol [DirectJDKLog.java:173] Initializing ProtocolHandler ["http-nio-8080"]
2022-07-25 13:44:18,725 INFO [restartedMain] o.a.c.c.StandardService [DirectJDKLog.java:173] Starting service [Tomcat]
2022-07-25 13:44:18,725 INFO [restartedMain] o.a.c.c.StandardEngine [DirectJDKLog.java:173] Starting Servlet engine: [Apache Tomcat/9.0.64]
2022-07-25 13:44:18,731 INFO [restartedMain] o.a.c.c.C.[.[.[/community] [DirectJDKLog.java:173] Initializing Spring embedded WebApplicationContext
2022-07-25 13:44:18,732 INFO [restartedMain] o.s.b.w.s.c.ServletWebServerApplicationContext [ServletWebServerApplicationContext.java:292] Root WebApplicationContext: initialization completed in 1034 ms
2022-07-25 13:44:18,908 INFO [restartedMain] o.s.b.a.w.s.WelcomePageHandlerMapping [WelcomePageHandlerMapping.java:57] Adding welcome page template: index
2022-07-25 13:44:18,978 INFO [restartedMain] o.s.b.d.a.OptionalLiveReloadServer [OptionalLiveReloadServer.java:58] LiveReload server is running on port 35729
2022-07-25 13:44:18,989 INFO [restartedMain] o.a.c.h.Http11NioProtocol [DirectJDKLog.java:173] Starting ProtocolHandler ["http-nio-8080"]
2022-07-25 13:44:18,992 INFO [restartedMain] o.s.b.w.e.t.TomcatWebServer [TomcatWebServer.java:220] Tomcat started on port(s): 8080 (http) with context path '/community'
2022-07-25 13:44:18,997 INFO [restartedMain] A.d.DemoApplication [StartupInfoLogger.java:61] Started DemoApplication in 1.519 seconds (JVM running for 1219.812)
2022-07-25 13:44:19,000 INFO [restartedMain] o.s.b.d.a.ConditionEvaluationDeltaLoggingListener [ConditionEvaluationDeltaLoggingListener.java:63] Condition evaluation unchanged
2022-07-25 13:44:22,110 INFO [restartedMain] A.d.DemoApplication [StartupInfoLogger.java:55] Starting DemoApplication using Java 1.8.0_221 on Abby.local with PID 75845 (/Users/lijiayuan/eclipse-workspace/demo/target/classes started by lijiayuan in /Users/lijiayuan/eclipse-workspace/demo)
2022-07-25 13:44:22,117 INFO [restartedMain] A.d.DemoApplication [SpringApplication.java:634] No active profile set, falling back to 1 default profile: "default"
2022-07-25 13:44:22,167 INFO [restartedMain] o.s.b.d.e.DevToolsPropertyDefaultsPostProcessor [DeferredLog.java:255] Devtools property defaults active! Set 'spring.devtools.add-properties' to 'false' to disable
2022-07-25 13:44:22,168 INFO [restartedMain] o.s.b.d.e.DevToolsPropertyDefaultsPostProcessor [DeferredLog.java:255] For additional web related logging consider setting the 'logging.level.web' property to 'DEBUG'
2022-07-25 13:44:23,248 INFO [restartedMain] o.s.b.w.e.t.TomcatWebServer [TomcatWebServer.java:108] Tomcat initialized with port(s): 8080 (http)
2022-07-25 13:44:23,257 INFO [restartedMain] o.a.c.h.Http11NioProtocol [DirectJDKLog.java:173] Initializing ProtocolHandler ["http-nio-8080"]
2022-07-25 13:44:23,257 INFO [restartedMain] o.a.c.c.StandardService [DirectJDKLog.java:173] Starting service [Tomcat]
2022-07-25 13:44:23,258 INFO [restartedMain] o.a.c.c.StandardEngine [DirectJDKLog.java:173] Starting Servlet engine: [Apache Tomcat/9.0.64]
2022-07-25 13:44:23,329 INFO [restartedMain] o.a.c.c.C.[.[.[/community] [DirectJDKLog.java:173] Initializing Spring embedded WebApplicationContext
2022-07-25 13:44:23,329 INFO [restartedMain] o.s.b.w.s.c.ServletWebServerApplicationContext [ServletWebServerApplicationContext.java:292] Root WebApplicationContext: initialization completed in 1161 ms
2022-07-25 13:44:24,127 INFO [restartedMain] o.s.b.a.w.s.WelcomePageHandlerMapping [WelcomePageHandlerMapping.java:57] Adding welcome page template: index
2022-07-25 13:44:25,096 INFO [restartedMain] o.a.c.h.Http11NioProtocol [DirectJDKLog.java:173] Starting ProtocolHandler ["http-nio-8080"]
2022-07-25 13:44:25,132 INFO [restartedMain] o.a.c.h.Http11NioProtocol [DirectJDKLog.java:173] Pausing ProtocolHandler ["http-nio-8080"]
2022-07-25 13:44:25,132 INFO [restartedMain] o.a.c.c.StandardService [DirectJDKLog.java:173] Stopping service [Tomcat]
2022-07-25 13:44:25,139 INFO [restartedMain] o.a.c.h.Http11NioProtocol [DirectJDKLog.java:173] Stopping ProtocolHandler ["http-nio-8080"]
2022-07-25 13:44:25,140 INFO [restartedMain] o.a.c.h.Http11NioProtocol [DirectJDKLog.java:173] Destroying ProtocolHandler ["http-nio-8080"]
2022-07-25 13:44:25,170 INFO [restartedMain] o.s.b.a.l.ConditionEvaluationReportLoggingListener [ConditionEvaluationReportLoggingListener.java:136] 

Error starting ApplicationContext. To display the conditions report re-run your application with 'debug' enabled.
2022-07-25 13:44:32,542 INFO [http-nio-8080-exec-1] o.a.c.c.C.[.[.[/community] [DirectJDKLog.java:173] Initializing Spring DispatcherServlet 'dispatcherServlet'
2022-07-25 13:44:32,553 INFO [http-nio-8080-exec-1] o.s.w.s.DispatcherServlet [FrameworkServlet.java:525] Initializing Servlet 'dispatcherServlet'
2022-07-25 13:44:32,556 INFO [http-nio-8080-exec-1] o.s.w.s.DispatcherServlet [FrameworkServlet.java:547] Completed initialization in 2 ms
2022-07-25 13:46:29,951 INFO [restartedMain] A.d.DemoApplication [StartupInfoLogger.java:55] Starting DemoApplication using Java 1.8.0_221 on Abby.local with PID 75624 (/Users/lijiayuan/eclipse-workspace/demo/target/classes started by lijiayuan in /Users/lijiayuan/eclipse-workspace/demo)
2022-07-25 13:46:29,951 INFO [restartedMain] A.d.DemoApplication [SpringApplication.java:634] No active profile set, falling back to 1 default profile: "default"
2022-07-25 13:46:30,241 INFO [restartedMain] o.s.b.w.e.t.TomcatWebServer [TomcatWebServer.java:108] Tomcat initialized with port(s): 8080 (http)
2022-07-25 13:46:30,242 INFO [restartedMain] o.a.c.h.Http11NioProtocol [DirectJDKLog.java:173] Initializing ProtocolHandler ["http-nio-8080"]
2022-07-25 13:46:30,243 INFO [restartedMain] o.a.c.c.StandardService [DirectJDKLog.java:173] Starting service [Tomcat]
2022-07-25 13:46:30,243 INFO [restartedMain] o.a.c.c.StandardEngine [DirectJDKLog.java:173] Starting Servlet engine: [Apache Tomcat/9.0.64]
2022-07-25 13:46:30,250 INFO [restartedMain] o.a.c.c.C.[.[.[/community] [DirectJDKLog.java:173] Initializing Spring embedded WebApplicationContext
2022-07-25 13:46:30,250 INFO [restartedMain] o.s.b.w.s.c.ServletWebServerApplicationContext [ServletWebServerApplicationContext.java:292] Root WebApplicationContext: initialization completed in 296 ms
2022-07-25 13:46:30,394 INFO [restartedMain] o.s.b.a.w.s.WelcomePageHandlerMapping [WelcomePageHandlerMapping.java:57] Adding welcome page template: index
2022-07-25 13:46:30,459 INFO [restartedMain] o.s.b.d.a.OptionalLiveReloadServer [OptionalLiveReloadServer.java:58] LiveReload server is running on port 35729
2022-07-25 13:46:30,470 INFO [restartedMain] o.a.c.h.Http11NioProtocol [DirectJDKLog.java:173] Starting ProtocolHandler ["http-nio-8080"]
2022-07-25 13:46:30,473 INFO [restartedMain] o.s.b.w.e.t.TomcatWebServer [TomcatWebServer.java:220] Tomcat started on port(s): 8080 (http) with context path '/community'
2022-07-25 13:46:30,479 INFO [restartedMain] A.d.DemoApplication [StartupInfoLogger.java:61] Started DemoApplication in 0.739 seconds (JVM running for 1351.292)
2022-07-25 13:46:30,481 INFO [restartedMain] o.s.b.d.a.ConditionEvaluationDeltaLoggingListener [ConditionEvaluationDeltaLoggingListener.java:63] Condition evaluation unchanged
2022-07-25 13:46:34,064 INFO [restartedMain] A.d.DemoApplication [StartupInfoLogger.java:55] Starting DemoApplication using Java 1.8.0_221 on Abby.local with PID 75624 (/Users/lijiayuan/eclipse-workspace/demo/target/classes started by lijiayuan in /Users/lijiayuan/eclipse-workspace/demo)
2022-07-25 13:46:34,064 INFO [restartedMain] A.d.DemoApplication [SpringApplication.java:634] No active profile set, falling back to 1 default profile: "default"
2022-07-25 13:46:34,275 INFO [restartedMain] o.s.b.w.e.t.TomcatWebServer [TomcatWebServer.java:108] Tomcat initialized with port(s): 8080 (http)
2022-07-25 13:46:34,276 INFO [restartedMain] o.a.c.h.Http11NioProtocol [DirectJDKLog.java:173] Initializing ProtocolHandler ["http-nio-8080"]
2022-07-25 13:46:34,276 INFO [restartedMain] o.a.c.c.StandardService [DirectJDKLog.java:173] Starting service [Tomcat]
2022-07-25 13:46:34,276 INFO [restartedMain] o.a.c.c.StandardEngine [DirectJDKLog.java:173] Starting Servlet engine: [Apache Tomcat/9.0.64]
2022-07-25 13:46:34,282 INFO [restartedMain] o.a.c.c.C.[.[.[/community] [DirectJDKLog.java:173] Initializing Spring embedded WebApplicationContext
2022-07-25 13:46:34,282 INFO [restartedMain] o.s.b.w.s.c.ServletWebServerApplicationContext [ServletWebServerApplicationContext.java:292] Root WebApplicationContext: initialization completed in 216 ms
2022-07-25 13:46:34,713 INFO [restartedMain] o.s.b.a.w.s.WelcomePageHandlerMapping [WelcomePageHandlerMapping.java:57] Adding welcome page template: index
2022-07-25 13:46:34,794 INFO [restartedMain] o.s.b.d.a.OptionalLiveReloadServer [OptionalLiveReloadServer.java:58] LiveReload server is running on port 35729
2022-07-25 13:46:34,812 INFO [restartedMain] o.a.c.h.Http11NioProtocol [DirectJDKLog.java:173] Starting ProtocolHandler ["http-nio-8080"]
2022-07-25 13:46:34,815 INFO [restartedMain] o.s.b.w.e.t.TomcatWebServer [TomcatWebServer.java:220] Tomcat started on port(s): 8080 (http) with context path '/community'
2022-07-25 13:46:34,826 INFO [restartedMain] A.d.DemoApplication [StartupInfoLogger.java:61] Started DemoApplication in 0.794 seconds (JVM running for 1355.639)
2022-07-25 13:46:34,843 INFO [restartedMain] o.s.b.d.a.ConditionEvaluationDeltaLoggingListener [ConditionEvaluationDeltaLoggingListener.java:63] Condition evaluation unchanged
2022-07-25 13:46:39,525 INFO [http-nio-8080-exec-1] o.a.c.c.C.[.[.[/community] [DirectJDKLog.java:173] Initializing Spring DispatcherServlet 'dispatcherServlet'
2022-07-25 13:46:39,527 INFO [http-nio-8080-exec-1] o.s.w.s.DispatcherServlet [FrameworkServlet.java:525] Initializing Servlet 'dispatcherServlet'
2022-07-25 13:46:39,528 INFO [http-nio-8080-exec-1] o.s.w.s.DispatcherServlet [FrameworkServlet.java:547] Completed initialization in 1 ms
2022-07-25 13:46:54,568 INFO [restartedMain] A.d.DemoApplication [StartupInfoLogger.java:55] Starting DemoApplication using Java 1.8.0_221 on Abby.local with PID 75624 (/Users/lijiayuan/eclipse-workspace/demo/target/classes started by lijiayuan in /Users/lijiayuan/eclipse-workspace/demo)
2022-07-25 13:46:54,569 INFO [restartedMain] A.d.DemoApplication [SpringApplication.java:634] No active profile set, falling back to 1 default profile: "default"
2022-07-25 13:46:54,850 INFO [restartedMain] o.s.b.w.e.t.TomcatWebServer [TomcatWebServer.java:108] Tomcat initialized with port(s): 8080 (http)
2022-07-25 13:46:54,850 INFO [restartedMain] o.a.c.h.Http11NioProtocol [DirectJDKLog.java:173] Initializing ProtocolHandler ["http-nio-8080"]
2022-07-25 13:46:54,851 INFO [restartedMain] o.a.c.c.StandardService [DirectJDKLog.java:173] Starting service [Tomcat]
2022-07-25 13:46:54,851 INFO [restartedMain] o.a.c.c.StandardEngine [DirectJDKLog.java:173] Starting Servlet engine: [Apache Tomcat/9.0.64]
2022-07-25 13:46:54,857 INFO [restartedMain] o.a.c.c.C.[.[.[/community] [DirectJDKLog.java:173] Initializing Spring embedded WebApplicationContext
2022-07-25 13:46:54,857 INFO [restartedMain] o.s.b.w.s.c.ServletWebServerApplicationContext [ServletWebServerApplicationContext.java:292] Root WebApplicationContext: initialization completed in 287 ms
2022-07-25 13:46:54,968 INFO [restartedMain] o.s.b.a.w.s.WelcomePageHandlerMapping [WelcomePageHandlerMapping.java:57] Adding welcome page template: index
2022-07-25 13:46:55,020 INFO [restartedMain] o.s.b.d.a.OptionalLiveReloadServer [OptionalLiveReloadServer.java:58] LiveReload server is running on port 35729
2022-07-25 13:46:55,035 INFO [restartedMain] o.a.c.h.Http11NioProtocol [DirectJDKLog.java:173] Starting ProtocolHandler ["http-nio-8080"]
2022-07-25 13:46:55,038 INFO [restartedMain] o.s.b.w.e.t.TomcatWebServer [TomcatWebServer.java:220] Tomcat started on port(s): 8080 (http) with context path '/community'
2022-07-25 13:46:55,044 INFO [restartedMain] A.d.DemoApplication [StartupInfoLogger.java:61] Started DemoApplication in 0.503 seconds (JVM running for 1375.856)
2022-07-25 13:46:55,046 INFO [restartedMain] o.s.b.d.a.ConditionEvaluationDeltaLoggingListener [ConditionEvaluationDeltaLoggingListener.java:63] Condition evaluation unchanged
2022-07-25 13:46:55,719 INFO [http-nio-8080-exec-1] o.a.c.c.C.[.[.[/community] [DirectJDKLog.java:173] Initializing Spring DispatcherServlet 'dispatcherServlet'
2022-07-25 13:46:55,721 INFO [http-nio-8080-exec-1] o.s.w.s.DispatcherServlet [FrameworkServlet.java:525] Initializing Servlet 'dispatcherServlet'
2022-07-25 13:46:55,723 INFO [http-nio-8080-exec-1] o.s.w.s.DispatcherServlet [FrameworkServlet.java:547] Completed initialization in 1 ms
2022-07-25 14:33:23,282 INFO [restartedMain] A.d.DemoApplication [StartupInfoLogger.java:55] Starting DemoApplication using Java 1.8.0_221 on Abby.local with PID 75624 (/Users/lijiayuan/eclipse-workspace/demo/target/classes started by lijiayuan in /Users/lijiayuan/eclipse-workspace/demo)
2022-07-25 14:33:23,285 INFO [restartedMain] A.d.DemoApplication [SpringApplication.java:634] No active profile set, falling back to 1 default profile: "default"
2022-07-25 14:33:23,990 INFO [restartedMain] o.s.b.w.e.t.TomcatWebServer [TomcatWebServer.java:108] Tomcat initialized with port(s): 8080 (http)
2022-07-25 14:33:23,991 INFO [restartedMain] o.a.c.h.Http11NioProtocol [DirectJDKLog.java:173] Initializing ProtocolHandler ["http-nio-8080"]
2022-07-25 14:33:23,992 INFO [restartedMain] o.a.c.c.StandardService [DirectJDKLog.java:173] Starting service [Tomcat]
2022-07-25 14:33:23,992 INFO [restartedMain] o.a.c.c.StandardEngine [DirectJDKLog.java:173] Starting Servlet engine: [Apache Tomcat/9.0.64]
2022-07-25 14:33:23,999 INFO [restartedMain] o.a.c.c.C.[.[.[/community] [DirectJDKLog.java:173] Initializing Spring embedded WebApplicationContext
2022-07-25 14:33:24,000 INFO [restartedMain] o.s.b.w.s.c.ServletWebServerApplicationContext [ServletWebServerApplicationContext.java:292] Root WebApplicationContext: initialization completed in 708 ms
2022-07-25 14:33:24,691 INFO [restartedMain] o.s.b.a.w.s.WelcomePageHandlerMapping [WelcomePageHandlerMapping.java:57] Adding welcome page template: index
2022-07-25 14:33:25,046 INFO [restartedMain] o.s.b.d.a.OptionalLiveReloadServer [OptionalLiveReloadServer.java:58] LiveReload server is running on port 35729
2022-07-25 14:33:25,068 INFO [restartedMain] o.a.c.h.Http11NioProtocol [DirectJDKLog.java:173] Starting ProtocolHandler ["http-nio-8080"]
2022-07-25 14:33:25,071 INFO [restartedMain] o.s.b.w.e.t.TomcatWebServer [TomcatWebServer.java:220] Tomcat started on port(s): 8080 (http) with context path '/community'
2022-07-25 14:33:25,078 INFO [restartedMain] A.d.DemoApplication [StartupInfoLogger.java:61] Started DemoApplication in 2.053 seconds (JVM running for 3995.719)
2022-07-25 14:33:25,081 INFO [restartedMain] o.s.b.d.a.ConditionEvaluationDeltaLoggingListener [ConditionEvaluationDeltaLoggingListener.java:63] Condition evaluation unchanged
2022-07-25 14:33:27,012 INFO [restartedMain] A.d.DemoApplication [StartupInfoLogger.java:55] Starting DemoApplication using Java 1.8.0_221 on Abby.local with PID 75624 (/Users/lijiayuan/eclipse-workspace/demo/target/classes started by lijiayuan in /Users/lijiayuan/eclipse-workspace/demo)
2022-07-25 14:33:27,014 INFO [restartedMain] A.d.DemoApplication [SpringApplication.java:634] No active profile set, falling back to 1 default profile: "default"
2022-07-25 14:33:27,310 INFO [restartedMain] o.s.b.w.e.t.TomcatWebServer [TomcatWebServer.java:108] Tomcat initialized with port(s): 8080 (http)
2022-07-25 14:33:27,311 INFO [restartedMain] o.a.c.h.Http11NioProtocol [DirectJDKLog.java:173] Initializing ProtocolHandler ["http-nio-8080"]
2022-07-25 14:33:27,311 INFO [restartedMain] o.a.c.c.StandardService [DirectJDKLog.java:173] Starting service [Tomcat]
2022-07-25 14:33:27,311 INFO [restartedMain] o.a.c.c.StandardEngine [DirectJDKLog.java:173] Starting Servlet engine: [Apache Tomcat/9.0.64]
2022-07-25 14:33:27,317 INFO [restartedMain] o.a.c.c.C.[.[.[/community] [DirectJDKLog.java:173] Initializing Spring embedded WebApplicationContext
2022-07-25 14:33:27,317 INFO [restartedMain] o.s.b.w.s.c.ServletWebServerApplicationContext [ServletWebServerApplicationContext.java:292] Root WebApplicationContext: initialization completed in 294 ms
2022-07-25 14:33:27,461 INFO [restartedMain] o.s.b.a.w.s.WelcomePageHandlerMapping [WelcomePageHandlerMapping.java:57] Adding welcome page template: index
2022-07-25 14:33:27,543 INFO [restartedMain] o.s.b.d.a.OptionalLiveReloadServer [OptionalLiveReloadServer.java:58] LiveReload server is running on port 35729
2022-07-25 14:33:27,555 INFO [restartedMain] o.a.c.h.Http11NioProtocol [DirectJDKLog.java:173] Starting ProtocolHandler ["http-nio-8080"]
2022-07-25 14:33:27,557 INFO [restartedMain] o.s.b.w.e.t.TomcatWebServer [TomcatWebServer.java:220] Tomcat started on port(s): 8080 (http) with context path '/community'
2022-07-25 14:33:27,563 INFO [restartedMain] A.d.DemoApplication [StartupInfoLogger.java:61] Started DemoApplication in 0.597 seconds (JVM running for 3998.204)
2022-07-25 14:33:27,565 INFO [restartedMain] o.s.b.d.a.ConditionEvaluationDeltaLoggingListener [ConditionEvaluationDeltaLoggingListener.java:63] Condition evaluation unchanged
2022-07-25 14:35:30,784 INFO [restartedMain] A.d.DemoApplication [StartupInfoLogger.java:55] Starting DemoApplication using Java 1.8.0_221 on Abby.local with PID 75624 (/Users/lijiayuan/eclipse-workspace/demo/target/classes started by lijiayuan in /Users/lijiayuan/eclipse-workspace/demo)
2022-07-25 14:35:30,786 INFO [restartedMain] A.d.DemoApplication [SpringApplication.java:634] No active profile set, falling back to 1 default profile: "default"
2022-07-25 14:35:31,083 INFO [restartedMain] o.s.b.w.e.t.TomcatWebServer [TomcatWebServer.java:108] Tomcat initialized with port(s): 8080 (http)
2022-07-25 14:35:31,086 INFO [restartedMain] o.a.c.h.Http11NioProtocol [DirectJDKLog.java:173] Initializing ProtocolHandler ["http-nio-8080"]
2022-07-25 14:35:31,087 INFO [restartedMain] o.a.c.c.StandardService [DirectJDKLog.java:173] Starting service [Tomcat]
2022-07-25 14:35:31,087 INFO [restartedMain] o.a.c.c.StandardEngine [DirectJDKLog.java:173] Starting Servlet engine: [Apache Tomcat/9.0.64]
2022-07-25 14:35:31,097 INFO [restartedMain] o.a.c.c.C.[.[.[/community] [DirectJDKLog.java:173] Initializing Spring embedded WebApplicationContext
2022-07-25 14:35:31,097 INFO [restartedMain] o.s.b.w.s.c.ServletWebServerApplicationContext [ServletWebServerApplicationContext.java:292] Root WebApplicationContext: initialization completed in 308 ms
2022-07-25 14:35:31,262 INFO [restartedMain] o.s.b.a.w.s.WelcomePageHandlerMapping [WelcomePageHandlerMapping.java:57] Adding welcome page template: index
2022-07-25 14:35:31,338 INFO [restartedMain] o.s.b.d.a.OptionalLiveReloadServer [OptionalLiveReloadServer.java:58] LiveReload server is running on port 35729
2022-07-25 14:35:31,351 INFO [restartedMain] o.a.c.h.Http11NioProtocol [DirectJDKLog.java:173] Starting ProtocolHandler ["http-nio-8080"]
2022-07-25 14:35:31,353 INFO [restartedMain] o.s.b.w.e.t.TomcatWebServer [TomcatWebServer.java:220] Tomcat started on port(s): 8080 (http) with context path '/community'
2022-07-25 14:35:31,361 INFO [restartedMain] A.d.DemoApplication [StartupInfoLogger.java:61] Started DemoApplication in 0.622 seconds (JVM running for 4122.0)
2022-07-25 14:35:31,365 INFO [restartedMain] o.s.b.d.a.ConditionEvaluationDeltaLoggingListener [ConditionEvaluationDeltaLoggingListener.java:63] Condition evaluation unchanged
2022-07-25 14:35:57,111 INFO [restartedMain] A.d.DemoApplication [StartupInfoLogger.java:55] Starting DemoApplication using Java 1.8.0_221 on Abby.local with PID 75624 (/Users/lijiayuan/eclipse-workspace/demo/target/classes started by lijiayuan in /Users/lijiayuan/eclipse-workspace/demo)
2022-07-25 14:35:57,112 INFO [restartedMain] A.d.DemoApplication [SpringApplication.java:634] No active profile set, falling back to 1 default profile: "default"
2022-07-25 14:35:57,327 INFO [restartedMain] o.s.b.w.e.t.TomcatWebServer [TomcatWebServer.java:108] Tomcat initialized with port(s): 8080 (http)
2022-07-25 14:35:57,328 INFO [restartedMain] o.a.c.h.Http11NioProtocol [DirectJDKLog.java:173] Initializing ProtocolHandler ["http-nio-8080"]
2022-07-25 14:35:57,329 INFO [restartedMain] o.a.c.c.StandardService [DirectJDKLog.java:173] Starting service [Tomcat]
2022-07-25 14:35:57,329 INFO [restartedMain] o.a.c.c.StandardEngine [DirectJDKLog.java:173] Starting Servlet engine: [Apache Tomcat/9.0.64]
2022-07-25 14:35:57,333 INFO [restartedMain] o.a.c.c.C.[.[.[/community] [DirectJDKLog.java:173] Initializing Spring embedded WebApplicationContext
2022-07-25 14:35:57,333 INFO [restartedMain] o.s.b.w.s.c.ServletWebServerApplicationContext [ServletWebServerApplicationContext.java:292] Root WebApplicationContext: initialization completed in 219 ms
2022-07-25 14:35:57,348 INFO [restartedMain] o.a.c.c.StandardService [DirectJDKLog.java:173] Stopping service [Tomcat]
2022-07-25 14:35:57,361 INFO [restartedMain] o.s.b.a.l.ConditionEvaluationReportLoggingListener [ConditionEvaluationReportLoggingListener.java:136] 

Error starting ApplicationContext. To display the conditions report re-run your application with 'debug' enabled.
2022-07-25 14:52:38,548 INFO [restartedMain] A.d.DemoApplication [StartupInfoLogger.java:55] Starting DemoApplication using Java 1.8.0_221 on Abby.local with PID 75624 (/Users/lijiayuan/eclipse-workspace/demo/target/classes started by lijiayuan in /Users/lijiayuan/eclipse-workspace/demo)
2022-07-25 14:52:38,550 INFO [restartedMain] A.d.DemoApplication [SpringApplication.java:634] No active profile set, falling back to 1 default profile: "default"
2022-07-25 14:52:38,922 INFO [restartedMain] o.s.b.w.e.t.TomcatWebServer [TomcatWebServer.java:108] Tomcat initialized with port(s): 8080 (http)
2022-07-25 14:52:38,924 INFO [restartedMain] o.a.c.h.Http11NioProtocol [DirectJDKLog.java:173] Initializing ProtocolHandler ["http-nio-8080"]
2022-07-25 14:52:38,924 INFO [restartedMain] o.a.c.c.StandardService [DirectJDKLog.java:173] Starting service [Tomcat]
2022-07-25 14:52:38,924 INFO [restartedMain] o.a.c.c.StandardEngine [DirectJDKLog.java:173] Starting Servlet engine: [Apache Tomcat/9.0.64]
2022-07-25 14:52:38,930 INFO [restartedMain] o.a.c.c.C.[.[.[/community] [DirectJDKLog.java:173] Initializing Spring embedded WebApplicationContext
2022-07-25 14:52:38,930 INFO [restartedMain] o.s.b.w.s.c.ServletWebServerApplicationContext [ServletWebServerApplicationContext.java:292] Root WebApplicationContext: initialization completed in 376 ms
2022-07-25 14:52:39,065 INFO [restartedMain] o.s.b.a.w.s.WelcomePageHandlerMapping [WelcomePageHandlerMapping.java:57] Adding welcome page template: index
2022-07-25 14:52:39,112 INFO [restartedMain] o.s.b.d.a.OptionalLiveReloadServer [OptionalLiveReloadServer.java:58] LiveReload server is running on port 35729
2022-07-25 14:52:39,126 INFO [restartedMain] o.a.c.h.Http11NioProtocol [DirectJDKLog.java:173] Starting ProtocolHandler ["http-nio-8080"]
2022-07-25 14:52:39,129 INFO [restartedMain] o.s.b.w.e.t.TomcatWebServer [TomcatWebServer.java:220] Tomcat started on port(s): 8080 (http) with context path '/community'
2022-07-25 14:52:39,135 INFO [restartedMain] A.d.DemoApplication [StartupInfoLogger.java:61] Started DemoApplication in 0.698 seconds (JVM running for 5149.759)
2022-07-25 14:52:39,139 INFO [restartedMain] o.s.b.d.a.ConditionEvaluationDeltaLoggingListener [ConditionEvaluationDeltaLoggingListener.java:63] Condition evaluation unchanged
2022-07-25 14:55:11,380 INFO [restartedMain] A.d.DemoApplication [StartupInfoLogger.java:55] Starting DemoApplication using Java 1.8.0_221 on Abby.local with PID 75624 (/Users/lijiayuan/eclipse-workspace/demo/target/classes started by lijiayuan in /Users/lijiayuan/eclipse-workspace/demo)
2022-07-25 14:55:11,381 INFO [restartedMain] A.d.DemoApplication [SpringApplication.java:634] No active profile set, falling back to 1 default profile: "default"
2022-07-25 14:55:11,611 INFO [restartedMain] o.s.b.w.e.t.TomcatWebServer [TomcatWebServer.java:108] Tomcat initialized with port(s): 8080 (http)
2022-07-25 14:55:11,612 INFO [restartedMain] o.a.c.h.Http11NioProtocol [DirectJDKLog.java:173] Initializing ProtocolHandler ["http-nio-8080"]
2022-07-25 14:55:11,613 INFO [restartedMain] o.a.c.c.StandardService [DirectJDKLog.java:173] Starting service [Tomcat]
2022-07-25 14:55:11,613 INFO [restartedMain] o.a.c.c.StandardEngine [DirectJDKLog.java:173] Starting Servlet engine: [Apache Tomcat/9.0.64]
2022-07-25 14:55:11,617 INFO [restartedMain] o.a.c.c.C.[.[.[/community] [DirectJDKLog.java:173] Initializing Spring embedded WebApplicationContext
2022-07-25 14:55:11,618 INFO [restartedMain] o.s.b.w.s.c.ServletWebServerApplicationContext [ServletWebServerApplicationContext.java:292] Root WebApplicationContext: initialization completed in 235 ms
2022-07-25 14:55:11,725 INFO [restartedMain] o.s.b.a.w.s.WelcomePageHandlerMapping [WelcomePageHandlerMapping.java:57] Adding welcome page template: index
2022-07-25 14:55:11,777 INFO [restartedMain] o.s.b.d.a.OptionalLiveReloadServer [OptionalLiveReloadServer.java:58] LiveReload server is running on port 35729
2022-07-25 14:55:11,788 INFO [restartedMain] o.a.c.h.Http11NioProtocol [DirectJDKLog.java:173] Starting ProtocolHandler ["http-nio-8080"]
2022-07-25 14:55:11,792 INFO [restartedMain] o.s.b.w.e.t.TomcatWebServer [TomcatWebServer.java:220] Tomcat started on port(s): 8080 (http) with context path '/community'
2022-07-25 14:55:11,797 INFO [restartedMain] A.d.DemoApplication [StartupInfoLogger.java:61] Started DemoApplication in 0.45 seconds (JVM running for 5302.419)
2022-07-25 14:55:11,798 INFO [restartedMain] o.s.b.d.a.ConditionEvaluationDeltaLoggingListener [ConditionEvaluationDeltaLoggingListener.java:63] Condition evaluation unchanged
2022-07-25 14:55:15,367 INFO [restartedMain] A.d.DemoApplication [StartupInfoLogger.java:55] Starting DemoApplication using Java 1.8.0_221 on Abby.local with PID 75624 (/Users/lijiayuan/eclipse-workspace/demo/target/classes started by lijiayuan in /Users/lijiayuan/eclipse-workspace/demo)
2022-07-25 14:55:15,368 INFO [restartedMain] A.d.DemoApplication [SpringApplication.java:634] No active profile set, falling back to 1 default profile: "default"
2022-07-25 14:55:15,547 INFO [restartedMain] o.s.b.w.e.t.TomcatWebServer [TomcatWebServer.java:108] Tomcat initialized with port(s): 8080 (http)
2022-07-25 14:55:15,548 INFO [restartedMain] o.a.c.h.Http11NioProtocol [DirectJDKLog.java:173] Initializing ProtocolHandler ["http-nio-8080"]
2022-07-25 14:55:15,549 INFO [restartedMain] o.a.c.c.StandardService [DirectJDKLog.java:173] Starting service [Tomcat]
2022-07-25 14:55:15,549 INFO [restartedMain] o.a.c.c.StandardEngine [DirectJDKLog.java:173] Starting Servlet engine: [Apache Tomcat/9.0.64]
2022-07-25 14:55:15,553 INFO [restartedMain] o.a.c.c.C.[.[.[/community] [DirectJDKLog.java:173] Initializing Spring embedded WebApplicationContext
2022-07-25 14:55:15,553 INFO [restartedMain] o.s.b.w.s.c.ServletWebServerApplicationContext [ServletWebServerApplicationContext.java:292] Root WebApplicationContext: initialization completed in 183 ms
2022-07-25 14:55:15,642 INFO [restartedMain] o.s.b.a.w.s.WelcomePageHandlerMapping [WelcomePageHandlerMapping.java:57] Adding welcome page template: index
2022-07-25 14:55:15,688 INFO [restartedMain] o.s.b.d.a.OptionalLiveReloadServer [OptionalLiveReloadServer.java:58] LiveReload server is running on port 35729
2022-07-25 14:55:15,699 INFO [restartedMain] o.a.c.h.Http11NioProtocol [DirectJDKLog.java:173] Starting ProtocolHandler ["http-nio-8080"]
2022-07-25 14:55:15,702 INFO [restartedMain] o.s.b.w.e.t.TomcatWebServer [TomcatWebServer.java:220] Tomcat started on port(s): 8080 (http) with context path '/community'
2022-07-25 14:55:15,708 INFO [restartedMain] A.d.DemoApplication [StartupInfoLogger.java:61] Started DemoApplication in 0.362 seconds (JVM running for 5306.33)
2022-07-25 14:55:15,711 INFO [restartedMain] o.s.b.d.a.ConditionEvaluationDeltaLoggingListener [ConditionEvaluationDeltaLoggingListener.java:63] Condition evaluation unchanged
2022-07-25 14:55:49,515 INFO [restartedMain] A.d.DemoApplication [StartupInfoLogger.java:55] Starting DemoApplication using Java 1.8.0_221 on Abby.local with PID 75624 (/Users/lijiayuan/eclipse-workspace/demo/target/classes started by lijiayuan in /Users/lijiayuan/eclipse-workspace/demo)
2022-07-25 14:55:49,516 INFO [restartedMain] A.d.DemoApplication [SpringApplication.java:634] No active profile set, falling back to 1 default profile: "default"
2022-07-25 14:55:49,694 INFO [restartedMain] o.s.b.w.e.t.TomcatWebServer [TomcatWebServer.java:108] Tomcat initialized with port(s): 8080 (http)
2022-07-25 14:55:49,695 INFO [restartedMain] o.a.c.h.Http11NioProtocol [DirectJDKLog.java:173] Initializing ProtocolHandler ["http-nio-8080"]
2022-07-25 14:55:49,696 INFO [restartedMain] o.a.c.c.StandardService [DirectJDKLog.java:173] Starting service [Tomcat]
2022-07-25 14:55:49,696 INFO [restartedMain] o.a.c.c.StandardEngine [DirectJDKLog.java:173] Starting Servlet engine: [Apache Tomcat/9.0.64]
2022-07-25 14:55:49,699 INFO [restartedMain] o.a.c.c.C.[.[.[/community] [DirectJDKLog.java:173] Initializing Spring embedded WebApplicationContext
2022-07-25 14:55:49,699 INFO [restartedMain] o.s.b.w.s.c.ServletWebServerApplicationContext [ServletWebServerApplicationContext.java:292] Root WebApplicationContext: initialization completed in 182 ms
2022-07-25 14:55:49,786 INFO [restartedMain] o.s.b.a.w.s.WelcomePageHandlerMapping [WelcomePageHandlerMapping.java:57] Adding welcome page template: index
2022-07-25 14:55:49,833 INFO [restartedMain] o.s.b.d.a.OptionalLiveReloadServer [OptionalLiveReloadServer.java:58] LiveReload server is running on port 35729
2022-07-25 14:55:49,856 INFO [restartedMain] o.a.c.h.Http11NioProtocol [DirectJDKLog.java:173] Starting ProtocolHandler ["http-nio-8080"]
2022-07-25 14:55:49,862 INFO [restartedMain] o.s.b.w.e.t.TomcatWebServer [TomcatWebServer.java:220] Tomcat started on port(s): 8080 (http) with context path '/community'
2022-07-25 14:55:49,867 INFO [restartedMain] A.d.DemoApplication [StartupInfoLogger.java:61] Started DemoApplication in 0.375 seconds (JVM running for 5340.488)
2022-07-25 14:55:49,868 INFO [restartedMain] o.s.b.d.a.ConditionEvaluationDeltaLoggingListener [ConditionEvaluationDeltaLoggingListener.java:63] Condition evaluation unchanged
2022-07-25 15:04:16,589 INFO [restartedMain] A.d.DemoApplication [StartupInfoLogger.java:55] Starting DemoApplication using Java 1.8.0_221 on Abby.local with PID 75624 (/Users/lijiayuan/eclipse-workspace/demo/target/classes started by lijiayuan in /Users/lijiayuan/eclipse-workspace/demo)
2022-07-25 15:04:16,590 INFO [restartedMain] A.d.DemoApplication [SpringApplication.java:634] No active profile set, falling back to 1 default profile: "default"
2022-07-25 15:04:51,290 INFO [restartedMain] A.d.DemoApplication [StartupInfoLogger.java:55] Starting DemoApplication using Java 1.8.0_221 on Abby.local with PID 76844 (/Users/lijiayuan/eclipse-workspace/demo/target/classes started by lijiayuan in /Users/lijiayuan/eclipse-workspace/demo)
2022-07-25 15:04:51,293 INFO [restartedMain] A.d.DemoApplication [SpringApplication.java:634] No active profile set, falling back to 1 default profile: "default"
2022-07-25 15:04:51,341 INFO [restartedMain] o.s.b.d.e.DevToolsPropertyDefaultsPostProcessor [DeferredLog.java:255] Devtools property defaults active! Set 'spring.devtools.add-properties' to 'false' to disable
2022-07-25 15:04:51,342 INFO [restartedMain] o.s.b.d.e.DevToolsPropertyDefaultsPostProcessor [DeferredLog.java:255] For additional web related logging consider setting the 'logging.level.web' property to 'DEBUG'
2022-07-25 15:04:52,332 INFO [restartedMain] o.s.b.w.e.t.TomcatWebServer [TomcatWebServer.java:108] Tomcat initialized with port(s): 8080 (http)
2022-07-25 15:04:52,340 INFO [restartedMain] o.a.c.h.Http11NioProtocol [DirectJDKLog.java:173] Initializing ProtocolHandler ["http-nio-8080"]
2022-07-25 15:04:52,341 INFO [restartedMain] o.a.c.c.StandardService [DirectJDKLog.java:173] Starting service [Tomcat]
2022-07-25 15:04:52,341 INFO [restartedMain] o.a.c.c.StandardEngine [DirectJDKLog.java:173] Starting Servlet engine: [Apache Tomcat/9.0.64]
2022-07-25 15:04:52,392 INFO [restartedMain] o.a.c.c.C.[.[.[/community] [DirectJDKLog.java:173] Initializing Spring embedded WebApplicationContext
2022-07-25 15:04:52,393 INFO [restartedMain] o.s.b.w.s.c.ServletWebServerApplicationContext [ServletWebServerApplicationContext.java:292] Root WebApplicationContext: initialization completed in 1051 ms
2022-07-25 15:04:52,937 INFO [restartedMain] o.s.b.a.w.s.WelcomePageHandlerMapping [WelcomePageHandlerMapping.java:57] Adding welcome page template: index
2022-07-25 15:04:53,110 INFO [restartedMain] o.s.b.d.a.OptionalLiveReloadServer [OptionalLiveReloadServer.java:58] LiveReload server is running on port 35729
2022-07-25 15:04:53,141 INFO [restartedMain] o.a.c.h.Http11NioProtocol [DirectJDKLog.java:173] Starting ProtocolHandler ["http-nio-8080"]
2022-07-25 15:04:53,177 INFO [restartedMain] o.s.b.w.e.t.TomcatWebServer [TomcatWebServer.java:220] Tomcat started on port(s): 8080 (http) with context path '/community'
2022-07-25 15:04:53,192 INFO [restartedMain] A.d.DemoApplication [StartupInfoLogger.java:61] Started DemoApplication in 2.388 seconds (JVM running for 2.958)
2022-07-25 15:10:57,628 INFO [restartedMain] A.d.DemoApplication [StartupInfoLogger.java:55] Starting DemoApplication using Java 1.8.0_221 on Abby.local with PID 76844 (/Users/lijiayuan/eclipse-workspace/demo/target/classes started by lijiayuan in /Users/lijiayuan/eclipse-workspace/demo)
2022-07-25 15:10:57,631 INFO [restartedMain] A.d.DemoApplication [SpringApplication.java:634] No active profile set, falling back to 1 default profile: "default"
2022-07-25 15:10:57,938 INFO [restartedMain] o.s.b.w.e.t.TomcatWebServer [TomcatWebServer.java:108] Tomcat initialized with port(s): 8080 (http)
2022-07-25 15:10:57,939 INFO [restartedMain] o.a.c.h.Http11NioProtocol [DirectJDKLog.java:173] Initializing ProtocolHandler ["http-nio-8080"]
2022-07-25 15:10:57,939 INFO [restartedMain] o.a.c.c.StandardService [DirectJDKLog.java:173] Starting service [Tomcat]
2022-07-25 15:10:57,940 INFO [restartedMain] o.a.c.c.StandardEngine [DirectJDKLog.java:173] Starting Servlet engine: [Apache Tomcat/9.0.64]
2022-07-25 15:10:57,945 INFO [restartedMain] o.a.c.c.C.[.[.[/community] [DirectJDKLog.java:173] Initializing Spring embedded WebApplicationContext
2022-07-25 15:10:57,945 INFO [restartedMain] o.s.b.w.s.c.ServletWebServerApplicationContext [ServletWebServerApplicationContext.java:292] Root WebApplicationContext: initialization completed in 310 ms
2022-07-25 15:10:58,090 INFO [restartedMain] o.s.b.a.w.s.WelcomePageHandlerMapping [WelcomePageHandlerMapping.java:57] Adding welcome page template: index
2022-07-25 15:10:58,162 INFO [restartedMain] o.s.b.d.a.OptionalLiveReloadServer [OptionalLiveReloadServer.java:58] LiveReload server is running on port 35729
2022-07-25 15:10:58,175 INFO [restartedMain] o.a.c.h.Http11NioProtocol [DirectJDKLog.java:173] Starting ProtocolHandler ["http-nio-8080"]
2022-07-25 15:10:58,177 INFO [restartedMain] o.s.b.w.e.t.TomcatWebServer [TomcatWebServer.java:220] Tomcat started on port(s): 8080 (http) with context path '/community'
2022-07-25 15:10:58,185 INFO [restartedMain] A.d.DemoApplication [StartupInfoLogger.java:61] Started DemoApplication in 0.762 seconds (JVM running for 367.946)
2022-07-25 15:10:58,187 INFO [restartedMain] o.s.b.d.a.ConditionEvaluationDeltaLoggingListener [ConditionEvaluationDeltaLoggingListener.java:63] Condition evaluation unchanged
2022-07-25 15:12:15,469 INFO [restartedMain] A.d.DemoApplication [StartupInfoLogger.java:55] Starting DemoApplication using Java 1.8.0_221 on Abby.local with PID 76844 (/Users/lijiayuan/eclipse-workspace/demo/target/classes started by lijiayuan in /Users/lijiayuan/eclipse-workspace/demo)
2022-07-25 15:12:15,470 INFO [restartedMain] A.d.DemoApplication [SpringApplication.java:634] No active profile set, falling back to 1 default profile: "default"
2022-07-25 15:12:15,714 INFO [restartedMain] o.s.b.w.e.t.TomcatWebServer [TomcatWebServer.java:108] Tomcat initialized with port(s): 8080 (http)
2022-07-25 15:12:15,715 INFO [restartedMain] o.a.c.h.Http11NioProtocol [DirectJDKLog.java:173] Initializing ProtocolHandler ["http-nio-8080"]
2022-07-25 15:12:15,716 INFO [restartedMain] o.a.c.c.StandardService [DirectJDKLog.java:173] Starting service [Tomcat]
2022-07-25 15:12:15,716 INFO [restartedMain] o.a.c.c.StandardEngine [DirectJDKLog.java:173] Starting Servlet engine: [Apache Tomcat/9.0.64]
2022-07-25 15:12:15,725 INFO [restartedMain] o.a.c.c.C.[.[.[/community] [DirectJDKLog.java:173] Initializing Spring embedded WebApplicationContext
2022-07-25 15:12:15,726 INFO [restartedMain] o.s.b.w.s.c.ServletWebServerApplicationContext [ServletWebServerApplicationContext.java:292] Root WebApplicationContext: initialization completed in 243 ms
2022-07-25 15:12:15,851 INFO [restartedMain] o.s.b.a.w.s.WelcomePageHandlerMapping [WelcomePageHandlerMapping.java:57] Adding welcome page template: index
2022-07-25 15:12:15,899 INFO [restartedMain] o.s.b.d.a.OptionalLiveReloadServer [OptionalLiveReloadServer.java:58] LiveReload server is running on port 35729
2022-07-25 15:12:15,911 INFO [restartedMain] o.a.c.h.Http11NioProtocol [DirectJDKLog.java:173] Starting ProtocolHandler ["http-nio-8080"]
2022-07-25 15:12:15,914 INFO [restartedMain] o.s.b.w.e.t.TomcatWebServer [TomcatWebServer.java:220] Tomcat started on port(s): 8080 (http) with context path '/community'
2022-07-25 15:12:15,918 INFO [restartedMain] A.d.DemoApplication [StartupInfoLogger.java:61] Started DemoApplication in 0.505 seconds (JVM running for 445.679)
2022-07-25 15:12:15,920 INFO [restartedMain] o.s.b.d.a.ConditionEvaluationDeltaLoggingListener [ConditionEvaluationDeltaLoggingListener.java:63] Condition evaluation unchanged
2022-07-25 15:18:13,139 INFO [restartedMain] A.d.DemoApplication [StartupInfoLogger.java:55] Starting DemoApplication using Java 1.8.0_221 on Abby.local with PID 76844 (/Users/lijiayuan/eclipse-workspace/demo/target/classes started by lijiayuan in /Users/lijiayuan/eclipse-workspace/demo)
2022-07-25 15:18:13,140 INFO [restartedMain] A.d.DemoApplication [SpringApplication.java:634] No active profile set, falling back to 1 default profile: "default"
2022-07-25 15:18:13,501 INFO [restartedMain] o.s.b.w.e.t.TomcatWebServer [TomcatWebServer.java:108] Tomcat initialized with port(s): 8080 (http)
2022-07-25 15:18:13,503 INFO [restartedMain] o.a.c.h.Http11NioProtocol [DirectJDKLog.java:173] Initializing ProtocolHandler ["http-nio-8080"]
2022-07-25 15:18:13,504 INFO [restartedMain] o.a.c.c.StandardService [DirectJDKLog.java:173] Starting service [Tomcat]
2022-07-25 15:18:13,504 INFO [restartedMain] o.a.c.c.StandardEngine [DirectJDKLog.java:173] Starting Servlet engine: [Apache Tomcat/9.0.64]
2022-07-25 15:18:13,530 INFO [restartedMain] o.a.c.c.C.[.[.[/community] [DirectJDKLog.java:173] Initializing Spring embedded WebApplicationContext
2022-07-25 15:18:13,531 INFO [restartedMain] o.s.b.w.s.c.ServletWebServerApplicationContext [ServletWebServerApplicationContext.java:292] Root WebApplicationContext: initialization completed in 388 ms
2022-07-25 15:18:13,862 INFO [restartedMain] o.s.b.a.w.s.WelcomePageHandlerMapping [WelcomePageHandlerMapping.java:57] Adding welcome page template: index
2022-07-25 15:18:13,966 INFO [restartedMain] o.s.b.d.a.OptionalLiveReloadServer [OptionalLiveReloadServer.java:58] LiveReload server is running on port 35729
2022-07-25 15:18:13,993 INFO [restartedMain] o.a.c.h.Http11NioProtocol [DirectJDKLog.java:173] Starting ProtocolHandler ["http-nio-8080"]
2022-07-25 15:18:14,119 INFO [restartedMain] o.s.b.w.e.t.TomcatWebServer [TomcatWebServer.java:220] Tomcat started on port(s): 8080 (http) with context path '/community'
2022-07-25 15:18:14,134 INFO [restartedMain] A.d.DemoApplication [StartupInfoLogger.java:61] Started DemoApplication in 1.048 seconds (JVM running for 803.889)
2022-07-25 15:18:14,209 INFO [restartedMain] o.s.b.d.a.ConditionEvaluationDeltaLoggingListener [ConditionEvaluationDeltaLoggingListener.java:63] Condition evaluation unchanged
2022-07-25 15:19:54,745 INFO [restartedMain] A.d.DemoApplication [StartupInfoLogger.java:55] Starting DemoApplication using Java 1.8.0_221 on Abby.local with PID 76844 (/Users/lijiayuan/eclipse-workspace/demo/target/classes started by lijiayuan in /Users/lijiayuan/eclipse-workspace/demo)
2022-07-25 15:19:54,746 INFO [restartedMain] A.d.DemoApplication [SpringApplication.java:634] No active profile set, falling back to 1 default profile: "default"
2022-07-25 15:19:55,107 INFO [restartedMain] o.s.b.w.e.t.TomcatWebServer [TomcatWebServer.java:108] Tomcat initialized with port(s): 8080 (http)
2022-07-25 15:19:55,109 INFO [restartedMain] o.a.c.h.Http11NioProtocol [DirectJDKLog.java:173] Initializing ProtocolHandler ["http-nio-8080"]
2022-07-25 15:19:55,114 INFO [restartedMain] o.a.c.c.StandardService [DirectJDKLog.java:173] Starting service [Tomcat]
2022-07-25 15:19:55,115 INFO [restartedMain] o.a.c.c.StandardEngine [DirectJDKLog.java:173] Starting Servlet engine: [Apache Tomcat/9.0.64]
2022-07-25 15:19:55,124 INFO [restartedMain] o.a.c.c.C.[.[.[/community] [DirectJDKLog.java:173] Initializing Spring embedded WebApplicationContext
2022-07-25 15:19:55,124 INFO [restartedMain] o.s.b.w.s.c.ServletWebServerApplicationContext [ServletWebServerApplicationContext.java:292] Root WebApplicationContext: initialization completed in 376 ms
2022-07-25 15:19:55,521 INFO [restartedMain] o.a.c.c.StandardService [DirectJDKLog.java:173] Stopping service [Tomcat]
2022-07-25 15:19:55,538 INFO [restartedMain] o.s.b.a.l.ConditionEvaluationReportLoggingListener [ConditionEvaluationReportLoggingListener.java:136] 

Error starting ApplicationContext. To display the conditions report re-run your application with 'debug' enabled.
2022-07-25 15:22:17,677 INFO [restartedMain] A.d.DemoApplication [StartupInfoLogger.java:55] Starting DemoApplication using Java 1.8.0_221 on Abby.local with PID 76844 (/Users/lijiayuan/eclipse-workspace/demo/target/classes started by lijiayuan in /Users/lijiayuan/eclipse-workspace/demo)
2022-07-25 15:22:17,680 INFO [restartedMain] A.d.DemoApplication [SpringApplication.java:634] No active profile set, falling back to 1 default profile: "default"
2022-07-25 15:22:18,303 INFO [restartedMain] o.s.b.w.e.t.TomcatWebServer [TomcatWebServer.java:108] Tomcat initialized with port(s): 8080 (http)
2022-07-25 15:22:18,341 INFO [restartedMain] o.a.c.h.Http11NioProtocol [DirectJDKLog.java:173] Initializing ProtocolHandler ["http-nio-8080"]
2022-07-25 15:22:18,366 INFO [restartedMain] o.a.c.c.StandardService [DirectJDKLog.java:173] Starting service [Tomcat]
2022-07-25 15:22:18,367 INFO [restartedMain] o.a.c.c.StandardEngine [DirectJDKLog.java:173] Starting Servlet engine: [Apache Tomcat/9.0.64]
2022-07-25 15:22:18,438 INFO [restartedMain] o.a.c.c.C.[.[.[/community] [DirectJDKLog.java:173] Initializing Spring embedded WebApplicationContext
2022-07-25 15:22:18,439 INFO [restartedMain] o.s.b.w.s.c.ServletWebServerApplicationContext [ServletWebServerApplicationContext.java:292] Root WebApplicationContext: initialization completed in 753 ms
2022-07-25 15:22:18,851 INFO [restartedMain] o.s.b.a.w.s.WelcomePageHandlerMapping [WelcomePageHandlerMapping.java:57] Adding welcome page template: index
2022-07-25 15:22:18,957 INFO [restartedMain] o.s.b.d.a.OptionalLiveReloadServer [OptionalLiveReloadServer.java:58] LiveReload server is running on port 35729
2022-07-25 15:22:18,971 INFO [restartedMain] o.a.c.h.Http11NioProtocol [DirectJDKLog.java:173] Starting ProtocolHandler ["http-nio-8080"]
2022-07-25 15:22:18,976 INFO [restartedMain] o.s.b.w.e.t.TomcatWebServer [TomcatWebServer.java:220] Tomcat started on port(s): 8080 (http) with context path '/community'
2022-07-25 15:22:18,981 INFO [restartedMain] A.d.DemoApplication [StartupInfoLogger.java:61] Started DemoApplication in 1.415 seconds (JVM running for 1048.732)
2022-07-25 15:22:18,985 INFO [restartedMain] o.s.b.d.a.ConditionEvaluationDeltaLoggingListener [ConditionEvaluationDeltaLoggingListener.java:63] Condition evaluation unchanged
2022-07-25 15:22:35,800 INFO [restartedMain] A.d.DemoApplication [StartupInfoLogger.java:55] Starting DemoApplication using Java 1.8.0_221 on Abby.local with PID 76844 (/Users/lijiayuan/eclipse-workspace/demo/target/classes started by lijiayuan in /Users/lijiayuan/eclipse-workspace/demo)
2022-07-25 15:22:35,800 INFO [restartedMain] A.d.DemoApplication [SpringApplication.java:634] No active profile set, falling back to 1 default profile: "default"
2022-07-25 15:22:36,019 INFO [restartedMain] o.s.b.w.e.t.TomcatWebServer [TomcatWebServer.java:108] Tomcat initialized with port(s): 8080 (http)
2022-07-25 15:22:36,020 INFO [restartedMain] o.a.c.h.Http11NioProtocol [DirectJDKLog.java:173] Initializing ProtocolHandler ["http-nio-8080"]
2022-07-25 15:22:36,021 INFO [restartedMain] o.a.c.c.StandardService [DirectJDKLog.java:173] Starting service [Tomcat]
2022-07-25 15:22:36,021 INFO [restartedMain] o.a.c.c.StandardEngine [DirectJDKLog.java:173] Starting Servlet engine: [Apache Tomcat/9.0.64]
2022-07-25 15:22:36,027 INFO [restartedMain] o.a.c.c.C.[.[.[/community] [DirectJDKLog.java:173] Initializing Spring embedded WebApplicationContext
2022-07-25 15:22:36,028 INFO [restartedMain] o.s.b.w.s.c.ServletWebServerApplicationContext [ServletWebServerApplicationContext.java:292] Root WebApplicationContext: initialization completed in 226 ms
2022-07-25 15:22:36,140 INFO [restartedMain] o.s.b.a.w.s.WelcomePageHandlerMapping [WelcomePageHandlerMapping.java:57] Adding welcome page template: index
2022-07-25 15:22:36,196 INFO [restartedMain] o.s.b.d.a.OptionalLiveReloadServer [OptionalLiveReloadServer.java:58] LiveReload server is running on port 35729
2022-07-25 15:22:36,207 INFO [restartedMain] o.a.c.h.Http11NioProtocol [DirectJDKLog.java:173] Starting ProtocolHandler ["http-nio-8080"]
2022-07-25 15:22:36,209 INFO [restartedMain] o.s.b.w.e.t.TomcatWebServer [TomcatWebServer.java:220] Tomcat started on port(s): 8080 (http) with context path '/community'
2022-07-25 15:22:36,215 INFO [restartedMain] A.d.DemoApplication [StartupInfoLogger.java:61] Started DemoApplication in 0.458 seconds (JVM running for 1065.966)
2022-07-25 15:22:36,216 INFO [restartedMain] o.s.b.d.a.ConditionEvaluationDeltaLoggingListener [ConditionEvaluationDeltaLoggingListener.java:63] Condition evaluation unchanged
2022-07-25 15:22:45,916 INFO [http-nio-8080-exec-1] o.a.c.c.C.[.[.[/community] [DirectJDKLog.java:173] Initializing Spring DispatcherServlet 'dispatcherServlet'
2022-07-25 15:22:45,918 INFO [http-nio-8080-exec-1] o.s.w.s.DispatcherServlet [FrameworkServlet.java:525] Initializing Servlet 'dispatcherServlet'
2022-07-25 15:22:45,920 INFO [http-nio-8080-exec-1] o.s.w.s.DispatcherServlet [FrameworkServlet.java:547] Completed initialization in 2 ms
2022-07-25 15:31:14,401 INFO [restartedMain] A.d.DemoApplication [StartupInfoLogger.java:55] Starting DemoApplication using Java 1.8.0_221 on Abby.local with PID 76844 (/Users/lijiayuan/eclipse-workspace/demo/target/classes started by lijiayuan in /Users/lijiayuan/eclipse-workspace/demo)
2022-07-25 15:31:14,403 INFO [restartedMain] A.d.DemoApplication [SpringApplication.java:634] No active profile set, falling back to 1 default profile: "default"
2022-07-25 15:31:14,771 INFO [restartedMain] o.s.b.w.e.t.TomcatWebServer [TomcatWebServer.java:108] Tomcat initialized with port(s): 8080 (http)
2022-07-25 15:31:14,772 INFO [restartedMain] o.a.c.h.Http11NioProtocol [DirectJDKLog.java:173] Initializing ProtocolHandler ["http-nio-8080"]
2022-07-25 15:31:14,773 INFO [restartedMain] o.a.c.c.StandardService [DirectJDKLog.java:173] Starting service [Tomcat]
2022-07-25 15:31:14,773 INFO [restartedMain] o.a.c.c.StandardEngine [DirectJDKLog.java:173] Starting Servlet engine: [Apache Tomcat/9.0.64]
2022-07-25 15:31:14,778 INFO [restartedMain] o.a.c.c.C.[.[.[/community] [DirectJDKLog.java:173] Initializing Spring embedded WebApplicationContext
2022-07-25 15:31:14,778 INFO [restartedMain] o.s.b.w.s.c.ServletWebServerApplicationContext [ServletWebServerApplicationContext.java:292] Root WebApplicationContext: initialization completed in 372 ms
2022-07-25 15:31:14,972 INFO [restartedMain] o.s.b.a.w.s.WelcomePageHandlerMapping [WelcomePageHandlerMapping.java:57] Adding welcome page template: index
2022-07-25 15:31:15,048 INFO [restartedMain] o.s.b.d.a.OptionalLiveReloadServer [OptionalLiveReloadServer.java:58] LiveReload server is running on port 35729
2022-07-25 15:31:15,066 INFO [restartedMain] o.a.c.h.Http11NioProtocol [DirectJDKLog.java:173] Starting ProtocolHandler ["http-nio-8080"]
2022-07-25 15:31:15,071 INFO [restartedMain] o.s.b.w.e.t.TomcatWebServer [TomcatWebServer.java:220] Tomcat started on port(s): 8080 (http) with context path '/community'
2022-07-25 15:31:15,077 INFO [restartedMain] A.d.DemoApplication [StartupInfoLogger.java:61] Started DemoApplication in 0.725 seconds (JVM running for 1584.82)
2022-07-25 15:31:15,079 INFO [restartedMain] o.s.b.d.a.ConditionEvaluationDeltaLoggingListener [ConditionEvaluationDeltaLoggingListener.java:63] Condition evaluation unchanged
2022-07-25 15:31:27,359 INFO [http-nio-8080-exec-1] o.a.c.c.C.[.[.[/community] [DirectJDKLog.java:173] Initializing Spring DispatcherServlet 'dispatcherServlet'
2022-07-25 15:31:27,362 INFO [http-nio-8080-exec-1] o.s.w.s.DispatcherServlet [FrameworkServlet.java:525] Initializing Servlet 'dispatcherServlet'
2022-07-25 15:31:27,363 INFO [http-nio-8080-exec-1] o.s.w.s.DispatcherServlet [FrameworkServlet.java:547] Completed initialization in 1 ms
2022-07-25 15:31:33,879 INFO [restartedMain] A.d.DemoApplication [StartupInfoLogger.java:55] Starting DemoApplication using Java 1.8.0_221 on Abby.local with PID 76844 (/Users/lijiayuan/eclipse-workspace/demo/target/classes started by lijiayuan in /Users/lijiayuan/eclipse-workspace/demo)
2022-07-25 15:31:33,880 INFO [restartedMain] A.d.DemoApplication [SpringApplication.java:634] No active profile set, falling back to 1 default profile: "default"
2022-07-25 15:31:34,133 INFO [restartedMain] o.s.b.w.e.t.TomcatWebServer [TomcatWebServer.java:108] Tomcat initialized with port(s): 8080 (http)
2022-07-25 15:31:34,134 INFO [restartedMain] o.a.c.h.Http11NioProtocol [DirectJDKLog.java:173] Initializing ProtocolHandler ["http-nio-8080"]
2022-07-25 15:31:34,134 INFO [restartedMain] o.a.c.c.StandardService [DirectJDKLog.java:173] Starting service [Tomcat]
2022-07-25 15:31:34,134 INFO [restartedMain] o.a.c.c.StandardEngine [DirectJDKLog.java:173] Starting Servlet engine: [Apache Tomcat/9.0.64]
2022-07-25 15:31:34,138 INFO [restartedMain] o.a.c.c.C.[.[.[/community] [DirectJDKLog.java:173] Initializing Spring embedded WebApplicationContext
2022-07-25 15:31:34,139 INFO [restartedMain] o.s.b.w.s.c.ServletWebServerApplicationContext [ServletWebServerApplicationContext.java:292] Root WebApplicationContext: initialization completed in 257 ms
2022-07-25 15:31:34,227 INFO [restartedMain] o.s.b.a.w.s.WelcomePageHandlerMapping [WelcomePageHandlerMapping.java:57] Adding welcome page template: index
2022-07-25 15:31:34,287 INFO [restartedMain] o.s.b.d.a.OptionalLiveReloadServer [OptionalLiveReloadServer.java:58] LiveReload server is running on port 35729
2022-07-25 15:31:34,300 INFO [restartedMain] o.a.c.h.Http11NioProtocol [DirectJDKLog.java:173] Starting ProtocolHandler ["http-nio-8080"]
2022-07-25 15:31:34,302 INFO [restartedMain] o.s.b.w.e.t.TomcatWebServer [TomcatWebServer.java:220] Tomcat started on port(s): 8080 (http) with context path '/community'
2022-07-25 15:31:34,309 INFO [restartedMain] A.d.DemoApplication [StartupInfoLogger.java:61] Started DemoApplication in 0.457 seconds (JVM running for 1604.052)
2022-07-25 15:31:34,311 INFO [restartedMain] o.s.b.d.a.ConditionEvaluationDeltaLoggingListener [ConditionEvaluationDeltaLoggingListener.java:63] Condition evaluation unchanged
2022-07-25 15:43:45,498 INFO [http-nio-8080-exec-1] o.a.c.c.C.[.[.[/community] [DirectJDKLog.java:173] Initializing Spring DispatcherServlet 'dispatcherServlet'
2022-07-25 15:43:45,503 INFO [http-nio-8080-exec-1] o.s.w.s.DispatcherServlet [FrameworkServlet.java:525] Initializing Servlet 'dispatcherServlet'
2022-07-25 15:43:45,508 INFO [http-nio-8080-exec-1] o.s.w.s.DispatcherServlet [FrameworkServlet.java:547] Completed initialization in 5 ms
2022-07-25 15:44:50,065 INFO [http-nio-8080-exec-10] c.z.h.HikariDataSource [HikariDataSource.java:110] HikariPool-1 - Starting...
2022-07-25 15:44:50,364 INFO [http-nio-8080-exec-10] c.z.h.HikariDataSource [HikariDataSource.java:123] HikariPool-1 - Start completed.
2022-07-25 16:47:58,814 INFO [Thread-36] c.z.h.HikariDataSource [HikariDataSource.java:350] HikariPool-1 - Shutdown initiated...
2022-07-25 16:47:58,982 INFO [Thread-36] c.z.h.HikariDataSource [HikariDataSource.java:352] HikariPool-1 - Shutdown completed.
2022-07-25 16:48:00,338 INFO [restartedMain] A.d.DemoApplication [StartupInfoLogger.java:55] Starting DemoApplication using Java 1.8.0_221 on Abby.local with PID 76844 (/Users/lijiayuan/eclipse-workspace/demo/target/classes started by lijiayuan in /Users/lijiayuan/eclipse-workspace/demo)
2022-07-25 16:48:00,341 INFO [restartedMain] A.d.DemoApplication [SpringApplication.java:634] No active profile set, falling back to 1 default profile: "default"
2022-07-25 16:48:01,534 INFO [restartedMain] o.s.b.w.e.t.TomcatWebServer [TomcatWebServer.java:108] Tomcat initialized with port(s): 8080 (http)
2022-07-25 16:48:01,537 INFO [restartedMain] o.a.c.h.Http11NioProtocol [DirectJDKLog.java:173] Initializing ProtocolHandler ["http-nio-8080"]
2022-07-25 16:48:01,537 INFO [restartedMain] o.a.c.c.StandardService [DirectJDKLog.java:173] Starting service [Tomcat]
2022-07-25 16:48:01,537 INFO [restartedMain] o.a.c.c.StandardEngine [DirectJDKLog.java:173] Starting Servlet engine: [Apache Tomcat/9.0.64]
2022-07-25 16:48:01,546 INFO [restartedMain] o.a.c.c.C.[.[.[/community] [DirectJDKLog.java:173] Initializing Spring embedded WebApplicationContext
2022-07-25 16:48:01,546 INFO [restartedMain] o.s.b.w.s.c.ServletWebServerApplicationContext [ServletWebServerApplicationContext.java:292] Root WebApplicationContext: initialization completed in 1174 ms
2022-07-25 16:48:02,360 INFO [restartedMain] o.s.b.a.w.s.WelcomePageHandlerMapping [WelcomePageHandlerMapping.java:57] Adding welcome page template: index
2022-07-25 16:48:02,642 INFO [restartedMain] o.s.b.d.a.OptionalLiveReloadServer [OptionalLiveReloadServer.java:58] LiveReload server is running on port 35729
2022-07-25 16:48:02,738 INFO [restartedMain] o.a.c.h.Http11NioProtocol [DirectJDKLog.java:173] Starting ProtocolHandler ["http-nio-8080"]
2022-07-25 16:48:02,747 INFO [restartedMain] o.s.b.w.e.t.TomcatWebServer [TomcatWebServer.java:220] Tomcat started on port(s): 8080 (http) with context path '/community'
2022-07-25 16:48:02,758 INFO [restartedMain] A.d.DemoApplication [StartupInfoLogger.java:61] Started DemoApplication in 2.624 seconds (JVM running for 6192.437)
2022-07-25 16:48:02,846 INFO [restartedMain] o.s.b.d.a.ConditionEvaluationDeltaLoggingListener [ConditionEvaluationDeltaLoggingListener.java:63] Condition evaluation unchanged
2022-07-25 16:48:47,921 INFO [restartedMain] A.d.DemoApplication [StartupInfoLogger.java:55] Starting DemoApplication using Java 1.8.0_221 on Abby.local with PID 76844 (/Users/lijiayuan/eclipse-workspace/demo/target/classes started by lijiayuan in /Users/lijiayuan/eclipse-workspace/demo)
2022-07-25 16:48:47,921 INFO [restartedMain] A.d.DemoApplication [SpringApplication.java:634] No active profile set, falling back to 1 default profile: "default"
2022-07-25 16:48:48,224 INFO [restartedMain] o.s.b.w.e.t.TomcatWebServer [TomcatWebServer.java:108] Tomcat initialized with port(s): 8080 (http)
2022-07-25 16:48:48,225 INFO [restartedMain] o.a.c.h.Http11NioProtocol [DirectJDKLog.java:173] Initializing ProtocolHandler ["http-nio-8080"]
2022-07-25 16:48:48,226 INFO [restartedMain] o.a.c.c.StandardService [DirectJDKLog.java:173] Starting service [Tomcat]
2022-07-25 16:48:48,229 INFO [restartedMain] o.a.c.c.StandardEngine [DirectJDKLog.java:173] Starting Servlet engine: [Apache Tomcat/9.0.64]
2022-07-25 16:48:48,238 INFO [restartedMain] o.a.c.c.C.[.[.[/community] [DirectJDKLog.java:173] Initializing Spring embedded WebApplicationContext
2022-07-25 16:48:48,238 INFO [restartedMain] o.s.b.w.s.c.ServletWebServerApplicationContext [ServletWebServerApplicationContext.java:292] Root WebApplicationContext: initialization completed in 314 ms
2022-07-25 16:48:48,411 INFO [restartedMain] o.s.b.a.w.s.WelcomePageHandlerMapping [WelcomePageHandlerMapping.java:57] Adding welcome page template: index
2022-07-25 16:48:48,496 INFO [restartedMain] o.s.b.d.a.OptionalLiveReloadServer [OptionalLiveReloadServer.java:58] LiveReload server is running on port 35729
2022-07-25 16:48:48,510 INFO [restartedMain] o.a.c.h.Http11NioProtocol [DirectJDKLog.java:173] Starting ProtocolHandler ["http-nio-8080"]
2022-07-25 16:48:48,514 INFO [restartedMain] o.s.b.w.e.t.TomcatWebServer [TomcatWebServer.java:220] Tomcat started on port(s): 8080 (http) with context path '/community'
2022-07-25 16:48:48,520 INFO [restartedMain] A.d.DemoApplication [StartupInfoLogger.java:61] Started DemoApplication in 0.644 seconds (JVM running for 6238.197)
2022-07-25 16:48:48,521 INFO [restartedMain] o.s.b.d.a.ConditionEvaluationDeltaLoggingListener [ConditionEvaluationDeltaLoggingListener.java:63] Condition evaluation unchanged
2022-07-25 16:49:16,284 INFO [restartedMain] A.d.DemoApplication [StartupInfoLogger.java:55] Starting DemoApplication using Java 1.8.0_221 on Abby.local with PID 76844 (/Users/lijiayuan/eclipse-workspace/demo/target/classes started by lijiayuan in /Users/lijiayuan/eclipse-workspace/demo)
2022-07-25 16:49:16,284 INFO [restartedMain] A.d.DemoApplication [SpringApplication.java:634] No active profile set, falling back to 1 default profile: "default"
2022-07-25 16:49:16,509 INFO [restartedMain] o.s.b.w.e.t.TomcatWebServer [TomcatWebServer.java:108] Tomcat initialized with port(s): 8080 (http)
2022-07-25 16:49:16,510 INFO [restartedMain] o.a.c.h.Http11NioProtocol [DirectJDKLog.java:173] Initializing ProtocolHandler ["http-nio-8080"]
2022-07-25 16:49:16,510 INFO [restartedMain] o.a.c.c.StandardService [DirectJDKLog.java:173] Starting service [Tomcat]
2022-07-25 16:49:16,510 INFO [restartedMain] o.a.c.c.StandardEngine [DirectJDKLog.java:173] Starting Servlet engine: [Apache Tomcat/9.0.64]
2022-07-25 16:49:16,518 INFO [restartedMain] o.a.c.c.C.[.[.[/community] [DirectJDKLog.java:173] Initializing Spring embedded WebApplicationContext
2022-07-25 16:49:16,518 INFO [restartedMain] o.s.b.w.s.c.ServletWebServerApplicationContext [ServletWebServerApplicationContext.java:292] Root WebApplicationContext: initialization completed in 228 ms
2022-07-25 16:49:16,641 INFO [restartedMain] o.s.b.a.w.s.WelcomePageHandlerMapping [WelcomePageHandlerMapping.java:57] Adding welcome page template: index
2022-07-25 16:49:16,685 INFO [restartedMain] o.s.b.d.a.OptionalLiveReloadServer [OptionalLiveReloadServer.java:58] LiveReload server is running on port 35729
2022-07-25 16:49:16,695 INFO [restartedMain] o.a.c.h.Http11NioProtocol [DirectJDKLog.java:173] Starting ProtocolHandler ["http-nio-8080"]
2022-07-25 16:49:16,702 INFO [restartedMain] o.s.b.w.e.t.TomcatWebServer [TomcatWebServer.java:220] Tomcat started on port(s): 8080 (http) with context path '/community'
2022-07-25 16:49:16,708 INFO [restartedMain] A.d.DemoApplication [StartupInfoLogger.java:61] Started DemoApplication in 0.452 seconds (JVM running for 6266.385)
2022-07-25 16:49:16,709 INFO [restartedMain] o.s.b.d.a.ConditionEvaluationDeltaLoggingListener [ConditionEvaluationDeltaLoggingListener.java:63] Condition evaluation unchanged
2022-07-25 16:50:22,390 INFO [restartedMain] A.d.DemoApplication [StartupInfoLogger.java:55] Starting DemoApplication using Java 1.8.0_221 on Abby.local with PID 76844 (/Users/lijiayuan/eclipse-workspace/demo/target/classes started by lijiayuan in /Users/lijiayuan/eclipse-workspace/demo)
2022-07-25 16:50:22,391 INFO [restartedMain] A.d.DemoApplication [SpringApplication.java:634] No active profile set, falling back to 1 default profile: "default"
2022-07-25 16:50:22,777 INFO [restartedMain] o.s.b.w.e.t.TomcatWebServer [TomcatWebServer.java:108] Tomcat initialized with port(s): 8080 (http)
2022-07-25 16:50:22,778 INFO [restartedMain] o.a.c.h.Http11NioProtocol [DirectJDKLog.java:173] Initializing ProtocolHandler ["http-nio-8080"]
2022-07-25 16:50:22,778 INFO [restartedMain] o.a.c.c.StandardService [DirectJDKLog.java:173] Starting service [Tomcat]
2022-07-25 16:50:22,778 INFO [restartedMain] o.a.c.c.StandardEngine [DirectJDKLog.java:173] Starting Servlet engine: [Apache Tomcat/9.0.64]
2022-07-25 16:50:22,783 INFO [restartedMain] o.a.c.c.C.[.[.[/community] [DirectJDKLog.java:173] Initializing Spring embedded WebApplicationContext
2022-07-25 16:50:22,783 INFO [restartedMain] o.s.b.w.s.c.ServletWebServerApplicationContext [ServletWebServerApplicationContext.java:292] Root WebApplicationContext: initialization completed in 386 ms
2022-07-25 16:50:23,225 INFO [restartedMain] o.s.b.a.w.s.WelcomePageHandlerMapping [WelcomePageHandlerMapping.java:57] Adding welcome page template: index
2022-07-25 16:50:23,279 INFO [restartedMain] o.s.b.d.a.OptionalLiveReloadServer [OptionalLiveReloadServer.java:58] LiveReload server is running on port 35729
2022-07-25 16:50:23,316 INFO [restartedMain] o.a.c.h.Http11NioProtocol [DirectJDKLog.java:173] Starting ProtocolHandler ["http-nio-8080"]
2022-07-25 16:50:23,318 INFO [restartedMain] o.s.b.w.e.t.TomcatWebServer [TomcatWebServer.java:220] Tomcat started on port(s): 8080 (http) with context path '/community'
2022-07-25 16:50:23,324 INFO [restartedMain] A.d.DemoApplication [StartupInfoLogger.java:61] Started DemoApplication in 0.972 seconds (JVM running for 6333.001)
2022-07-25 16:50:23,326 INFO [restartedMain] o.s.b.d.a.ConditionEvaluationDeltaLoggingListener [ConditionEvaluationDeltaLoggingListener.java:63] Condition evaluation unchanged
2022-07-25 16:50:44,020 INFO [restartedMain] A.d.DemoApplication [StartupInfoLogger.java:55] Starting DemoApplication using Java 1.8.0_221 on Abby.local with PID 76844 (/Users/lijiayuan/eclipse-workspace/demo/target/classes started by lijiayuan in /Users/lijiayuan/eclipse-workspace/demo)
2022-07-25 16:50:44,021 INFO [restartedMain] A.d.DemoApplication [SpringApplication.java:634] No active profile set, falling back to 1 default profile: "default"
2022-07-25 16:50:44,253 INFO [restartedMain] o.s.b.w.e.t.TomcatWebServer [TomcatWebServer.java:108] Tomcat initialized with port(s): 8080 (http)
2022-07-25 16:50:44,253 INFO [restartedMain] o.a.c.h.Http11NioProtocol [DirectJDKLog.java:173] Initializing ProtocolHandler ["http-nio-8080"]
2022-07-25 16:50:44,254 INFO [restartedMain] o.a.c.c.StandardService [DirectJDKLog.java:173] Starting service [Tomcat]
2022-07-25 16:50:44,254 INFO [restartedMain] o.a.c.c.StandardEngine [DirectJDKLog.java:173] Starting Servlet engine: [Apache Tomcat/9.0.64]
2022-07-25 16:50:44,257 INFO [restartedMain] o.a.c.c.C.[.[.[/community] [DirectJDKLog.java:173] Initializing Spring embedded WebApplicationContext
2022-07-25 16:50:44,257 INFO [restartedMain] o.s.b.w.s.c.ServletWebServerApplicationContext [ServletWebServerApplicationContext.java:292] Root WebApplicationContext: initialization completed in 234 ms
2022-07-25 16:50:44,389 INFO [restartedMain] o.s.b.a.w.s.WelcomePageHandlerMapping [WelcomePageHandlerMapping.java:57] Adding welcome page template: index
2022-07-25 16:50:44,447 INFO [restartedMain] o.s.b.d.a.OptionalLiveReloadServer [OptionalLiveReloadServer.java:58] LiveReload server is running on port 35729
2022-07-25 16:50:44,457 INFO [restartedMain] o.a.c.h.Http11NioProtocol [DirectJDKLog.java:173] Starting ProtocolHandler ["http-nio-8080"]
2022-07-25 16:50:44,461 INFO [restartedMain] o.s.b.w.e.t.TomcatWebServer [TomcatWebServer.java:220] Tomcat started on port(s): 8080 (http) with context path '/community'
2022-07-25 16:50:44,471 INFO [restartedMain] A.d.DemoApplication [StartupInfoLogger.java:61] Started DemoApplication in 0.474 seconds (JVM running for 6354.147)
2022-07-25 16:50:44,472 INFO [restartedMain] o.s.b.d.a.ConditionEvaluationDeltaLoggingListener [ConditionEvaluationDeltaLoggingListener.java:63] Condition evaluation unchanged
2022-07-25 16:53:47,980 INFO [restartedMain] A.d.DemoApplication [StartupInfoLogger.java:55] Starting DemoApplication using Java 1.8.0_221 on Abby.local with PID 76844 (/Users/lijiayuan/eclipse-workspace/demo/target/classes started by lijiayuan in /Users/lijiayuan/eclipse-workspace/demo)
2022-07-25 16:53:47,981 INFO [restartedMain] A.d.DemoApplication [SpringApplication.java:634] No active profile set, falling back to 1 default profile: "default"
2022-07-25 16:53:48,408 INFO [restartedMain] o.s.b.w.e.t.TomcatWebServer [TomcatWebServer.java:108] Tomcat initialized with port(s): 8080 (http)
2022-07-25 16:53:48,410 INFO [restartedMain] o.a.c.h.Http11NioProtocol [DirectJDKLog.java:173] Initializing ProtocolHandler ["http-nio-8080"]
2022-07-25 16:53:48,411 INFO [restartedMain] o.a.c.c.StandardService [DirectJDKLog.java:173] Starting service [Tomcat]
2022-07-25 16:53:48,411 INFO [restartedMain] o.a.c.c.StandardEngine [DirectJDKLog.java:173] Starting Servlet engine: [Apache Tomcat/9.0.64]
2022-07-25 16:53:48,416 INFO [restartedMain] o.a.c.c.C.[.[.[/community] [DirectJDKLog.java:173] Initializing Spring embedded WebApplicationContext
2022-07-25 16:53:48,416 INFO [restartedMain] o.s.b.w.s.c.ServletWebServerApplicationContext [ServletWebServerApplicationContext.java:292] Root WebApplicationContext: initialization completed in 432 ms
2022-07-25 16:53:48,579 INFO [restartedMain] o.s.b.a.w.s.WelcomePageHandlerMapping [WelcomePageHandlerMapping.java:57] Adding welcome page template: index
2022-07-25 16:53:48,631 INFO [restartedMain] o.s.b.d.a.OptionalLiveReloadServer [OptionalLiveReloadServer.java:58] LiveReload server is running on port 35729
2022-07-25 16:53:48,641 INFO [restartedMain] o.a.c.h.Http11NioProtocol [DirectJDKLog.java:173] Starting ProtocolHandler ["http-nio-8080"]
2022-07-25 16:53:48,644 INFO [restartedMain] o.s.b.w.e.t.TomcatWebServer [TomcatWebServer.java:220] Tomcat started on port(s): 8080 (http) with context path '/community'
2022-07-25 16:53:48,653 INFO [restartedMain] A.d.DemoApplication [StartupInfoLogger.java:61] Started DemoApplication in 0.709 seconds (JVM running for 6538.326)
2022-07-25 16:53:48,655 INFO [restartedMain] o.s.b.d.a.ConditionEvaluationDeltaLoggingListener [ConditionEvaluationDeltaLoggingListener.java:63] Condition evaluation unchanged
2022-07-25 17:13:15,250 INFO [restartedMain] A.d.DemoApplication [StartupInfoLogger.java:55] Starting DemoApplication using Java 1.8.0_221 on Abby.local with PID 76844 (/Users/lijiayuan/eclipse-workspace/demo/target/classes started by lijiayuan in /Users/lijiayuan/eclipse-workspace/demo)
2022-07-25 17:13:15,255 INFO [restartedMain] A.d.DemoApplication [SpringApplication.java:634] No active profile set, falling back to 1 default profile: "default"
2022-07-25 17:13:15,655 INFO [restartedMain] o.s.b.w.e.t.TomcatWebServer [TomcatWebServer.java:108] Tomcat initialized with port(s): 8080 (http)
2022-07-25 17:13:15,656 INFO [restartedMain] o.a.c.h.Http11NioProtocol [DirectJDKLog.java:173] Initializing ProtocolHandler ["http-nio-8080"]
2022-07-25 17:13:15,656 INFO [restartedMain] o.a.c.c.StandardService [DirectJDKLog.java:173] Starting service [Tomcat]
2022-07-25 17:13:15,657 INFO [restartedMain] o.a.c.c.StandardEngine [DirectJDKLog.java:173] Starting Servlet engine: [Apache Tomcat/9.0.64]
2022-07-25 17:13:15,664 INFO [restartedMain] o.a.c.c.C.[.[.[/community] [DirectJDKLog.java:173] Initializing Spring embedded WebApplicationContext
2022-07-25 17:13:15,664 INFO [restartedMain] o.s.b.w.s.c.ServletWebServerApplicationContext [ServletWebServerApplicationContext.java:292] Root WebApplicationContext: initialization completed in 407 ms
2022-07-25 17:13:15,980 INFO [restartedMain] o.s.b.a.w.s.WelcomePageHandlerMapping [WelcomePageHandlerMapping.java:57] Adding welcome page template: index
2022-07-25 17:13:16,067 INFO [restartedMain] o.s.b.d.a.OptionalLiveReloadServer [OptionalLiveReloadServer.java:58] LiveReload server is running on port 35729
2022-07-25 17:13:16,108 INFO [restartedMain] o.a.c.h.Http11NioProtocol [DirectJDKLog.java:173] Starting ProtocolHandler ["http-nio-8080"]
2022-07-25 17:13:16,112 INFO [restartedMain] o.s.b.w.e.t.TomcatWebServer [TomcatWebServer.java:220] Tomcat started on port(s): 8080 (http) with context path '/community'
2022-07-25 17:13:16,118 INFO [restartedMain] A.d.DemoApplication [StartupInfoLogger.java:61] Started DemoApplication in 1.184 seconds (JVM running for 7705.775)
2022-07-25 17:13:16,119 INFO [restartedMain] o.s.b.d.a.ConditionEvaluationDeltaLoggingListener [ConditionEvaluationDeltaLoggingListener.java:63] Condition evaluation unchanged
2022-07-25 17:14:06,353 INFO [restartedMain] A.d.DemoApplication [StartupInfoLogger.java:55] Starting DemoApplication using Java 1.8.0_221 on Abby.local with PID 76844 (/Users/lijiayuan/eclipse-workspace/demo/target/classes started by lijiayuan in /Users/lijiayuan/eclipse-workspace/demo)
2022-07-25 17:14:06,355 INFO [restartedMain] A.d.DemoApplication [SpringApplication.java:634] No active profile set, falling back to 1 default profile: "default"
2022-07-25 17:14:06,615 INFO [restartedMain] o.s.b.w.e.t.TomcatWebServer [TomcatWebServer.java:108] Tomcat initialized with port(s): 8080 (http)
2022-07-25 17:14:06,615 INFO [restartedMain] o.a.c.h.Http11NioProtocol [DirectJDKLog.java:173] Initializing ProtocolHandler ["http-nio-8080"]
2022-07-25 17:14:06,616 INFO [restartedMain] o.a.c.c.StandardService [DirectJDKLog.java:173] Starting service [Tomcat]
2022-07-25 17:14:06,616 INFO [restartedMain] o.a.c.c.StandardEngine [DirectJDKLog.java:173] Starting Servlet engine: [Apache Tomcat/9.0.64]
2022-07-25 17:14:06,622 INFO [restartedMain] o.a.c.c.C.[.[.[/community] [DirectJDKLog.java:173] Initializing Spring embedded WebApplicationContext
2022-07-25 17:14:06,623 INFO [restartedMain] o.s.b.w.s.c.ServletWebServerApplicationContext [ServletWebServerApplicationContext.java:292] Root WebApplicationContext: initialization completed in 266 ms
2022-07-25 17:14:06,742 INFO [restartedMain] o.s.b.a.w.s.WelcomePageHandlerMapping [WelcomePageHandlerMapping.java:57] Adding welcome page template: index
2022-07-25 17:14:06,810 INFO [restartedMain] o.s.b.d.a.OptionalLiveReloadServer [OptionalLiveReloadServer.java:58] LiveReload server is running on port 35729
2022-07-25 17:14:06,825 INFO [restartedMain] o.a.c.h.Http11NioProtocol [DirectJDKLog.java:173] Starting ProtocolHandler ["http-nio-8080"]
2022-07-25 17:14:06,830 INFO [restartedMain] o.s.b.w.e.t.TomcatWebServer [TomcatWebServer.java:220] Tomcat started on port(s): 8080 (http) with context path '/community'
2022-07-25 17:14:06,845 INFO [restartedMain] A.d.DemoApplication [StartupInfoLogger.java:61] Started DemoApplication in 0.518 seconds (JVM running for 7756.501)
2022-07-25 17:14:06,847 INFO [restartedMain] o.s.b.d.a.ConditionEvaluationDeltaLoggingListener [ConditionEvaluationDeltaLoggingListener.java:63] Condition evaluation unchanged
2022-07-25 17:52:00,301 INFO [restartedMain] A.d.DemoApplication [StartupInfoLogger.java:55] Starting DemoApplication using Java 1.8.0_221 on Abby.local with PID 76844 (/Users/lijiayuan/eclipse-workspace/demo/target/classes started by lijiayuan in /Users/lijiayuan/eclipse-workspace/demo)
2022-07-25 17:52:00,302 INFO [restartedMain] A.d.DemoApplication [SpringApplication.java:634] No active profile set, falling back to 1 default profile: "default"
2022-07-25 17:52:00,851 INFO [restartedMain] o.s.b.w.e.t.TomcatWebServer [TomcatWebServer.java:108] Tomcat initialized with port(s): 8080 (http)
2022-07-25 17:52:00,852 INFO [restartedMain] o.a.c.h.Http11NioProtocol [DirectJDKLog.java:173] Initializing ProtocolHandler ["http-nio-8080"]
2022-07-25 17:52:00,852 INFO [restartedMain] o.a.c.c.StandardService [DirectJDKLog.java:173] Starting service [Tomcat]
2022-07-25 17:52:00,853 INFO [restartedMain] o.a.c.c.StandardEngine [DirectJDKLog.java:173] Starting Servlet engine: [Apache Tomcat/9.0.64]
2022-07-25 17:52:00,872 INFO [restartedMain] o.a.c.c.C.[.[.[/community] [DirectJDKLog.java:173] Initializing Spring embedded WebApplicationContext
2022-07-25 17:52:00,874 INFO [restartedMain] o.s.b.w.s.c.ServletWebServerApplicationContext [ServletWebServerApplicationContext.java:292] Root WebApplicationContext: initialization completed in 567 ms
2022-07-25 17:52:01,176 INFO [restartedMain] o.s.b.a.w.s.WelcomePageHandlerMapping [WelcomePageHandlerMapping.java:57] Adding welcome page template: index
2022-07-25 17:52:01,380 INFO [restartedMain] o.s.b.d.a.OptionalLiveReloadServer [OptionalLiveReloadServer.java:58] LiveReload server is running on port 35729
2022-07-25 17:52:01,490 INFO [restartedMain] o.a.c.h.Http11NioProtocol [DirectJDKLog.java:173] Starting ProtocolHandler ["http-nio-8080"]
2022-07-25 17:52:01,493 INFO [restartedMain] o.s.b.w.e.t.TomcatWebServer [TomcatWebServer.java:220] Tomcat started on port(s): 8080 (http) with context path '/community'
2022-07-25 17:52:01,503 INFO [restartedMain] A.d.DemoApplication [StartupInfoLogger.java:61] Started DemoApplication in 1.279 seconds (JVM running for 10031.127)
2022-07-25 17:52:01,508 INFO [restartedMain] o.s.b.d.a.ConditionEvaluationDeltaLoggingListener [ConditionEvaluationDeltaLoggingListener.java:63] Condition evaluation unchanged
2022-07-25 17:53:16,849 INFO [restartedMain] A.d.DemoApplication [StartupInfoLogger.java:55] Starting DemoApplication using Java 1.8.0_221 on Abby.local with PID 76844 (/Users/lijiayuan/eclipse-workspace/demo/target/classes started by lijiayuan in /Users/lijiayuan/eclipse-workspace/demo)
2022-07-25 17:53:16,850 INFO [restartedMain] A.d.DemoApplication [SpringApplication.java:634] No active profile set, falling back to 1 default profile: "default"
2022-07-25 17:53:17,083 INFO [restartedMain] o.s.b.w.e.t.TomcatWebServer [TomcatWebServer.java:108] Tomcat initialized with port(s): 8080 (http)
2022-07-25 17:53:17,084 INFO [restartedMain] o.a.c.h.Http11NioProtocol [DirectJDKLog.java:173] Initializing ProtocolHandler ["http-nio-8080"]
2022-07-25 17:53:17,084 INFO [restartedMain] o.a.c.c.StandardService [DirectJDKLog.java:173] Starting service [Tomcat]
2022-07-25 17:53:17,084 INFO [restartedMain] o.a.c.c.StandardEngine [DirectJDKLog.java:173] Starting Servlet engine: [Apache Tomcat/9.0.64]
2022-07-25 17:53:17,088 INFO [restartedMain] o.a.c.c.C.[.[.[/community] [DirectJDKLog.java:173] Initializing Spring embedded WebApplicationContext
2022-07-25 17:53:17,088 INFO [restartedMain] o.s.b.w.s.c.ServletWebServerApplicationContext [ServletWebServerApplicationContext.java:292] Root WebApplicationContext: initialization completed in 231 ms
2022-07-25 17:53:17,217 INFO [restartedMain] o.s.b.a.w.s.WelcomePageHandlerMapping [WelcomePageHandlerMapping.java:57] Adding welcome page template: index
2022-07-25 17:53:17,266 INFO [restartedMain] o.s.b.d.a.OptionalLiveReloadServer [OptionalLiveReloadServer.java:58] LiveReload server is running on port 35729
2022-07-25 17:53:17,277 INFO [restartedMain] o.a.c.h.Http11NioProtocol [DirectJDKLog.java:173] Starting ProtocolHandler ["http-nio-8080"]
2022-07-25 17:53:17,280 INFO [restartedMain] o.s.b.w.e.t.TomcatWebServer [TomcatWebServer.java:220] Tomcat started on port(s): 8080 (http) with context path '/community'
2022-07-25 17:53:17,285 INFO [restartedMain] A.d.DemoApplication [StartupInfoLogger.java:61] Started DemoApplication in 0.462 seconds (JVM running for 10106.907)
2022-07-25 17:53:17,286 INFO [restartedMain] o.s.b.d.a.ConditionEvaluationDeltaLoggingListener [ConditionEvaluationDeltaLoggingListener.java:63] Condition evaluation unchanged
2022-07-25 17:54:17,332 INFO [restartedMain] A.d.DemoApplication [StartupInfoLogger.java:55] Starting DemoApplication using Java 1.8.0_221 on Abby.local with PID 76844 (/Users/lijiayuan/eclipse-workspace/demo/target/classes started by lijiayuan in /Users/lijiayuan/eclipse-workspace/demo)
2022-07-25 17:54:17,333 INFO [restartedMain] A.d.DemoApplication [SpringApplication.java:634] No active profile set, falling back to 1 default profile: "default"
2022-07-25 17:54:17,634 INFO [restartedMain] o.s.b.w.e.t.TomcatWebServer [TomcatWebServer.java:108] Tomcat initialized with port(s): 8080 (http)
2022-07-25 17:54:17,635 INFO [restartedMain] o.a.c.h.Http11NioProtocol [DirectJDKLog.java:173] Initializing ProtocolHandler ["http-nio-8080"]
2022-07-25 17:54:17,636 INFO [restartedMain] o.a.c.c.StandardService [DirectJDKLog.java:173] Starting service [Tomcat]
2022-07-25 17:54:17,636 INFO [restartedMain] o.a.c.c.StandardEngine [DirectJDKLog.java:173] Starting Servlet engine: [Apache Tomcat/9.0.64]
2022-07-25 17:54:17,640 INFO [restartedMain] o.a.c.c.C.[.[.[/community] [DirectJDKLog.java:173] Initializing Spring embedded WebApplicationContext
2022-07-25 17:54:17,640 INFO [restartedMain] o.s.b.w.s.c.ServletWebServerApplicationContext [ServletWebServerApplicationContext.java:292] Root WebApplicationContext: initialization completed in 304 ms
2022-07-25 17:54:17,740 INFO [restartedMain] o.s.b.a.w.s.WelcomePageHandlerMapping [WelcomePageHandlerMapping.java:57] Adding welcome page template: index
2022-07-25 17:54:17,791 INFO [restartedMain] o.s.b.d.a.OptionalLiveReloadServer [OptionalLiveReloadServer.java:58] LiveReload server is running on port 35729
2022-07-25 17:54:17,806 INFO [restartedMain] o.a.c.h.Http11NioProtocol [DirectJDKLog.java:173] Starting ProtocolHandler ["http-nio-8080"]
2022-07-25 17:54:17,808 INFO [restartedMain] o.s.b.w.e.t.TomcatWebServer [TomcatWebServer.java:220] Tomcat started on port(s): 8080 (http) with context path '/community'
2022-07-25 17:54:17,813 INFO [restartedMain] A.d.DemoApplication [StartupInfoLogger.java:61] Started DemoApplication in 0.505 seconds (JVM running for 10167.435)
2022-07-25 17:54:17,815 INFO [restartedMain] o.s.b.d.a.ConditionEvaluationDeltaLoggingListener [ConditionEvaluationDeltaLoggingListener.java:63] Condition evaluation unchanged
2022-07-25 17:59:28,642 INFO [main] A.d.DemoMapperTest [StartupInfoLogger.java:55] Starting DemoMapperTest using Java 1.8.0_221 on Abby.local with PID 78914 (started by lijiayuan in /Users/lijiayuan/eclipse-workspace/demo)
2022-07-25 17:59:28,647 INFO [main] A.d.DemoMapperTest [SpringApplication.java:634] No active profile set, falling back to 1 default profile: "default"
2022-07-25 17:59:31,379 INFO [main] o.s.b.a.w.s.WelcomePageHandlerMapping [WelcomePageHandlerMapping.java:57] Adding welcome page template: index
2022-07-25 17:59:32,085 INFO [main] A.d.DemoMapperTest [StartupInfoLogger.java:61] Started DemoMapperTest in 4.099 seconds (JVM running for 5.541)
2022-07-25 17:59:32,609 INFO [main] c.z.h.HikariDataSource [HikariDataSource.java:110] HikariPool-1 - Starting...
2022-07-25 17:59:32,928 INFO [main] c.z.h.HikariDataSource [HikariDataSource.java:123] HikariPool-1 - Start completed.
2022-07-25 17:59:33,180 INFO [SpringApplicationShutdownHook] c.z.h.HikariDataSource [HikariDataSource.java:350] HikariPool-1 - Shutdown initiated...
2022-07-25 17:59:33,197 INFO [SpringApplicationShutdownHook] c.z.h.HikariDataSource [HikariDataSource.java:352] HikariPool-1 - Shutdown completed.
2022-07-25 18:00:37,851 INFO [restartedMain] A.d.DemoApplication [StartupInfoLogger.java:55] Starting DemoApplication using Java 1.8.0_221 on Abby.local with PID 76844 (/Users/lijiayuan/eclipse-workspace/demo/target/classes started by lijiayuan in /Users/lijiayuan/eclipse-workspace/demo)
2022-07-25 18:00:37,852 INFO [restartedMain] A.d.DemoApplication [SpringApplication.java:634] No active profile set, falling back to 1 default profile: "default"
2022-07-25 18:00:38,431 INFO [restartedMain] o.s.b.w.e.t.TomcatWebServer [TomcatWebServer.java:108] Tomcat initialized with port(s): 8080 (http)
2022-07-25 18:00:38,432 INFO [restartedMain] o.a.c.h.Http11NioProtocol [DirectJDKLog.java:173] Initializing ProtocolHandler ["http-nio-8080"]
2022-07-25 18:00:38,432 INFO [restartedMain] o.a.c.c.StandardService [DirectJDKLog.java:173] Starting service [Tomcat]
2022-07-25 18:00:38,432 INFO [restartedMain] o.a.c.c.StandardEngine [DirectJDKLog.java:173] Starting Servlet engine: [Apache Tomcat/9.0.64]
2022-07-25 18:00:38,436 INFO [restartedMain] o.a.c.c.C.[.[.[/community] [DirectJDKLog.java:173] Initializing Spring embedded WebApplicationContext
2022-07-25 18:00:38,436 INFO [restartedMain] o.s.b.w.s.c.ServletWebServerApplicationContext [ServletWebServerApplicationContext.java:292] Root WebApplicationContext: initialization completed in 581 ms
2022-07-25 18:00:38,599 INFO [restartedMain] o.s.b.a.w.s.WelcomePageHandlerMapping [WelcomePageHandlerMapping.java:57] Adding welcome page template: index
2022-07-25 18:00:38,665 INFO [restartedMain] o.s.b.d.a.OptionalLiveReloadServer [OptionalLiveReloadServer.java:58] LiveReload server is running on port 35729
2022-07-25 18:00:38,678 INFO [restartedMain] o.a.c.h.Http11NioProtocol [DirectJDKLog.java:173] Starting ProtocolHandler ["http-nio-8080"]
2022-07-25 18:00:38,681 INFO [restartedMain] o.s.b.w.e.t.TomcatWebServer [TomcatWebServer.java:220] Tomcat started on port(s): 8080 (http) with context path '/community'
2022-07-25 18:00:38,699 INFO [restartedMain] A.d.DemoApplication [StartupInfoLogger.java:61] Started DemoApplication in 0.899 seconds (JVM running for 10548.315)
2022-07-25 18:00:38,706 INFO [restartedMain] o.s.b.d.a.ConditionEvaluationDeltaLoggingListener [ConditionEvaluationDeltaLoggingListener.java:63] Condition evaluation unchanged
2022-07-25 18:01:00,112 INFO [main] A.d.DemoMapperTest [StartupInfoLogger.java:55] Starting DemoMapperTest using Java 1.8.0_221 on Abby.local with PID 78929 (started by lijiayuan in /Users/lijiayuan/eclipse-workspace/demo)
2022-07-25 18:01:00,117 INFO [main] A.d.DemoMapperTest [SpringApplication.java:634] No active profile set, falling back to 1 default profile: "default"
2022-07-25 18:01:02,565 INFO [main] o.s.b.a.w.s.WelcomePageHandlerMapping [WelcomePageHandlerMapping.java:57] Adding welcome page template: index
2022-07-25 18:01:03,097 INFO [main] A.d.DemoMapperTest [StartupInfoLogger.java:61] Started DemoMapperTest in 3.569 seconds (JVM running for 4.778)
2022-07-25 18:01:03,574 INFO [main] c.z.h.HikariDataSource [HikariDataSource.java:110] HikariPool-1 - Starting...
2022-07-25 18:01:03,871 INFO [main] c.z.h.HikariDataSource [HikariDataSource.java:123] HikariPool-1 - Start completed.
2022-07-25 18:01:04,373 INFO [SpringApplicationShutdownHook] c.z.h.HikariDataSource [HikariDataSource.java:350] HikariPool-1 - Shutdown initiated...
2022-07-25 18:01:04,388 INFO [SpringApplicationShutdownHook] c.z.h.HikariDataSource [HikariDataSource.java:352] HikariPool-1 - Shutdown completed.
2022-07-25 18:03:26,761 INFO [restartedMain] A.d.DemoApplication [StartupInfoLogger.java:55] Starting DemoApplication using Java 1.8.0_221 on Abby.local with PID 76844 (/Users/lijiayuan/eclipse-workspace/demo/target/classes started by lijiayuan in /Users/lijiayuan/eclipse-workspace/demo)
2022-07-25 18:03:26,762 INFO [restartedMain] A.d.DemoApplication [SpringApplication.java:634] No active profile set, falling back to 1 default profile: "default"
2022-07-25 18:03:26,998 INFO [restartedMain] o.s.b.w.e.t.TomcatWebServer [TomcatWebServer.java:108] Tomcat initialized with port(s): 8080 (http)
2022-07-25 18:03:26,998 INFO [restartedMain] o.a.c.h.Http11NioProtocol [DirectJDKLog.java:173] Initializing ProtocolHandler ["http-nio-8080"]
2022-07-25 18:03:26,999 INFO [restartedMain] o.a.c.c.StandardService [DirectJDKLog.java:173] Starting service [Tomcat]
2022-07-25 18:03:26,999 INFO [restartedMain] o.a.c.c.StandardEngine [DirectJDKLog.java:173] Starting Servlet engine: [Apache Tomcat/9.0.64]
2022-07-25 18:03:27,005 INFO [restartedMain] o.a.c.c.C.[.[.[/community] [DirectJDKLog.java:173] Initializing Spring embedded WebApplicationContext
2022-07-25 18:03:27,005 INFO [restartedMain] o.s.b.w.s.c.ServletWebServerApplicationContext [ServletWebServerApplicationContext.java:292] Root WebApplicationContext: initialization completed in 242 ms
2022-07-25 18:03:27,136 INFO [restartedMain] o.s.b.a.w.s.WelcomePageHandlerMapping [WelcomePageHandlerMapping.java:57] Adding welcome page template: index
2022-07-25 18:03:27,202 INFO [restartedMain] o.s.b.d.a.OptionalLiveReloadServer [OptionalLiveReloadServer.java:58] LiveReload server is running on port 35729
2022-07-25 18:03:27,218 INFO [restartedMain] o.a.c.h.Http11NioProtocol [DirectJDKLog.java:173] Starting ProtocolHandler ["http-nio-8080"]
2022-07-25 18:03:27,221 INFO [restartedMain] o.s.b.w.e.t.TomcatWebServer [TomcatWebServer.java:220] Tomcat started on port(s): 8080 (http) with context path '/community'
2022-07-25 18:03:27,227 INFO [restartedMain] A.d.DemoApplication [StartupInfoLogger.java:61] Started DemoApplication in 0.494 seconds (JVM running for 10716.84)
2022-07-25 18:03:27,231 INFO [restartedMain] o.s.b.d.a.ConditionEvaluationDeltaLoggingListener [ConditionEvaluationDeltaLoggingListener.java:63] Condition evaluation unchanged
2022-07-25 18:03:54,971 INFO [restartedMain] A.d.DemoApplication [StartupInfoLogger.java:55] Starting DemoApplication using Java 1.8.0_221 on Abby.local with PID 76844 (/Users/lijiayuan/eclipse-workspace/demo/target/classes started by lijiayuan in /Users/lijiayuan/eclipse-workspace/demo)
2022-07-25 18:03:54,971 INFO [restartedMain] A.d.DemoApplication [SpringApplication.java:634] No active profile set, falling back to 1 default profile: "default"
2022-07-25 18:03:55,155 INFO [restartedMain] o.s.b.w.e.t.TomcatWebServer [TomcatWebServer.java:108] Tomcat initialized with port(s): 8080 (http)
2022-07-25 18:03:55,157 INFO [restartedMain] o.a.c.h.Http11NioProtocol [DirectJDKLog.java:173] Initializing ProtocolHandler ["http-nio-8080"]
2022-07-25 18:03:55,157 INFO [restartedMain] o.a.c.c.StandardService [DirectJDKLog.java:173] Starting service [Tomcat]
2022-07-25 18:03:55,157 INFO [restartedMain] o.a.c.c.StandardEngine [DirectJDKLog.java:173] Starting Servlet engine: [Apache Tomcat/9.0.64]
2022-07-25 18:03:55,162 INFO [restartedMain] o.a.c.c.C.[.[.[/community] [DirectJDKLog.java:173] Initializing Spring embedded WebApplicationContext
2022-07-25 18:03:55,162 INFO [restartedMain] o.s.b.w.s.c.ServletWebServerApplicationContext [ServletWebServerApplicationContext.java:292] Root WebApplicationContext: initialization completed in 189 ms
2022-07-25 18:03:55,265 INFO [restartedMain] o.s.b.a.w.s.WelcomePageHandlerMapping [WelcomePageHandlerMapping.java:57] Adding welcome page template: index
2022-07-25 18:03:55,323 INFO [restartedMain] o.s.b.d.a.OptionalLiveReloadServer [OptionalLiveReloadServer.java:58] LiveReload server is running on port 35729
2022-07-25 18:03:55,338 INFO [restartedMain] o.a.c.h.Http11NioProtocol [DirectJDKLog.java:173] Starting ProtocolHandler ["http-nio-8080"]
2022-07-25 18:03:55,341 INFO [restartedMain] o.s.b.w.e.t.TomcatWebServer [TomcatWebServer.java:220] Tomcat started on port(s): 8080 (http) with context path '/community'
2022-07-25 18:03:55,350 INFO [restartedMain] A.d.DemoApplication [StartupInfoLogger.java:61] Started DemoApplication in 0.408 seconds (JVM running for 10744.964)
2022-07-25 18:03:55,353 INFO [restartedMain] o.s.b.d.a.ConditionEvaluationDeltaLoggingListener [ConditionEvaluationDeltaLoggingListener.java:63] Condition evaluation unchanged
2022-07-25 18:04:16,486 INFO [main] A.d.DemoMapperTest [StartupInfoLogger.java:55] Starting DemoMapperTest using Java 1.8.0_221 on Abby.local with PID 78956 (started by lijiayuan in /Users/lijiayuan/eclipse-workspace/demo)
2022-07-25 18:04:16,489 INFO [main] A.d.DemoMapperTest [SpringApplication.java:634] No active profile set, falling back to 1 default profile: "default"
2022-07-25 18:04:18,830 INFO [main] o.s.b.a.w.s.WelcomePageHandlerMapping [WelcomePageHandlerMapping.java:57] Adding welcome page template: index
2022-07-25 18:04:19,347 INFO [main] A.d.DemoMapperTest [StartupInfoLogger.java:61] Started DemoMapperTest in 3.406 seconds (JVM running for 4.643)
2022-07-25 18:04:19,812 INFO [main] c.z.h.HikariDataSource [HikariDataSource.java:110] HikariPool-1 - Starting...
2022-07-25 18:04:20,141 INFO [main] c.z.h.HikariDataSource [HikariDataSource.java:123] HikariPool-1 - Start completed.
2022-07-25 18:04:20,405 INFO [SpringApplicationShutdownHook] c.z.h.HikariDataSource [HikariDataSource.java:350] HikariPool-1 - Shutdown initiated...
2022-07-25 18:04:20,419 INFO [SpringApplicationShutdownHook] c.z.h.HikariDataSource [HikariDataSource.java:352] HikariPool-1 - Shutdown completed.
